2025-04-09 11:22:17.9184 INFO Application started. Press Ctrl+C to shut down. 
2025-04-09 11:22:17.9870 INFO Hosting environment: Development 
2025-04-09 11:22:17.9904 INFO Content root path: C:\Users\aaithamou\source\repos\AuthenticationService\AuthenticationAPI 
2025-04-09 11:24:39.0607 INFO Executed DbCommand (189ms) [Parameters=[@__username_0='?' (Size = 4000)], CommandType='Text', CommandTimeout='30']
SELECT TOP(1) [u].[Id], [u].[Email], [u].[PasswordHash], [u].[Username]
FROM [Users] AS [u]
WHERE [u].[Username] = @__username_0 
2025-04-09 11:38:20.3809 INFO Application started. Press Ctrl+C to shut down. 
2025-04-09 11:38:20.4566 INFO Hosting environment: Development 
2025-04-09 11:38:20.4592 INFO Content root path: C:\Users\aaithamou\source\repos\AuthenticationService\AuthenticationAPI 
2025-04-09 11:45:21.3558 INFO Application started. Press Ctrl+C to shut down. 
2025-04-09 11:45:21.4308 INFO Hosting environment: Development 
2025-04-09 11:45:21.4308 INFO Content root path: C:\Users\aaithamou\source\repos\AuthenticationService\AuthenticationAPI 
2025-04-09 11:50:18.1864 INFO Application started. Press Ctrl+C to shut down. 
2025-04-09 11:50:18.2617 INFO Hosting environment: Development 
2025-04-09 11:50:18.2617 INFO Content root path: C:\Users\aaithamou\source\repos\AuthenticationService\AuthenticationAPI 
2025-04-09 11:54:04.0800 INFO Application started. Press Ctrl+C to shut down. 
2025-04-09 11:54:04.1646 INFO Hosting environment: Development 
2025-04-09 11:54:04.1646 INFO Content root path: C:\Users\aaithamou\source\repos\AuthenticationService\AuthenticationAPI 
2025-04-09 11:58:18.8891 INFO Application started. Press Ctrl+C to shut down. 
2025-04-09 11:58:18.9635 INFO Hosting environment: Development 
2025-04-09 11:58:18.9635 INFO Content root path: C:\Users\aaithamou\source\repos\AuthenticationService\AuthenticationAPI 
2025-04-09 12:17:45.4983 INFO Application started. Press Ctrl+C to shut down. 
2025-04-09 12:17:45.5428 INFO Hosting environment: Development 
2025-04-09 12:17:45.5428 INFO Content root path: C:\Users\aaithamou\source\repos\AuthenticationService\AuthenticationAPI 
2025-04-09 12:18:17.8026 INFO Executed DbCommand (67ms) [Parameters=[@__username_0='?' (Size = 4000)], CommandType='Text', CommandTimeout='30']
SELECT TOP(1) [u].[Id], [u].[Email], [u].[PasswordHash], [u].[Username]
FROM [Users] AS [u]
WHERE [u].[Username] = @__username_0 
2025-04-09 12:18:18.1773 INFO Executed DbCommand (4ms) [Parameters=[@__username_0='?' (Size = 4000)], CommandType='Text', CommandTimeout='30']
SELECT TOP(1) [u].[Id], [u].[Email], [u].[PasswordHash], [u].[Username]
FROM [Users] AS [u]
WHERE [u].[Username] = @__username_0 
2025-04-09 12:39:18.7685 INFO Application started. Press Ctrl+C to shut down. 
2025-04-09 12:39:18.8203 INFO Hosting environment: Development 
2025-04-09 12:39:18.8203 INFO Content root path: C:\Users\aaithamou\source\repos\AuthenticationService\AuthenticationAPI 
2025-04-09 12:53:46.1764 INFO Application started. Press Ctrl+C to shut down. 
2025-04-09 12:53:46.2215 INFO Hosting environment: Development 
2025-04-09 12:53:46.2215 INFO Content root path: C:\Users\aaithamou\source\repos\AuthenticationService\AuthenticationAPI 
2025-04-09 13:07:55.6398 INFO Application started. Press Ctrl+C to shut down. 
2025-04-09 13:07:55.6952 INFO Hosting environment: Development 
2025-04-09 13:07:55.6969 INFO Content root path: C:\Users\aaithamou\source\repos\AuthenticationService\AuthenticationAPI 
2025-04-09 13:08:37.6694 ERROR Failed executing DbCommand (54ms) [Parameters=[@__username_0='?' (Size = 4000)], CommandType='Text', CommandTimeout='30']
SELECT TOP(1) [u].[Id], [u].[Email], [u].[PasswordHash], [u].[Role], [u].[Username]
FROM [Users] AS [u]
WHERE [u].[Username] = @__username_0 
2025-04-09 13:08:37.7068 ERROR An exception occurred while iterating over the results of a query for context type 'DAL.Data.ApplicationDbContext'.
Microsoft.Data.SqlClient.SqlException (0x80131904): Invalid column name 'Role'.
   at Microsoft.Data.SqlClient.SqlCommand.<>c.<ExecuteDbDataReaderAsync>b__211_0(Task`1 result)
   at System.Threading.Tasks.ContinuationResultTaskFromResultTask`2.InnerInvoke()
   at System.Threading.ExecutionContext.RunInternal(ExecutionContext executionContext, ContextCallback callback, Object state)
--- End of stack trace from previous location ---
   at System.Threading.ExecutionContext.RunInternal(ExecutionContext executionContext, ContextCallback callback, Object state)
   at System.Threading.Tasks.Task.ExecuteWithThreadLocal(Task& currentTaskSlot, Thread threadPoolThread)
--- End of stack trace from previous location ---
   at Microsoft.EntityFrameworkCore.Storage.RelationalCommand.ExecuteReaderAsync(RelationalCommandParameterObject parameterObject, CancellationToken cancellationToken)
   at Microsoft.EntityFrameworkCore.Storage.RelationalCommand.ExecuteReaderAsync(RelationalCommandParameterObject parameterObject, CancellationToken cancellationToken)
   at Microsoft.EntityFrameworkCore.Query.Internal.SingleQueryingEnumerable`1.AsyncEnumerator.InitializeReaderAsync(AsyncEnumerator enumerator, CancellationToken cancellationToken)
   at Microsoft.EntityFrameworkCore.SqlServer.Storage.Internal.SqlServerExecutionStrategy.ExecuteAsync[TState,TResult](TState state, Func`4 operation, Func`4 verifySucceeded, CancellationToken cancellationToken)
   at Microsoft.EntityFrameworkCore.Query.Internal.SingleQueryingEnumerable`1.AsyncEnumerator.MoveNextAsync()
ClientConnectionId:4105cf9e-9364-4ad6-8d95-3e293d324994
Error Number:207,State:1,Class:16 Microsoft.Data.SqlClient.SqlException (0x80131904): Invalid column name 'Role'.
   at Microsoft.Data.SqlClient.SqlCommand.<>c.<ExecuteDbDataReaderAsync>b__211_0(Task`1 result)
   at System.Threading.Tasks.ContinuationResultTaskFromResultTask`2.InnerInvoke()
   at System.Threading.ExecutionContext.RunInternal(ExecutionContext executionContext, ContextCallback callback, Object state)
--- End of stack trace from previous location ---
   at System.Threading.ExecutionContext.RunInternal(ExecutionContext executionContext, ContextCallback callback, Object state)
   at System.Threading.Tasks.Task.ExecuteWithThreadLocal(Task& currentTaskSlot, Thread threadPoolThread)
--- End of stack trace from previous location ---
   at Microsoft.EntityFrameworkCore.Storage.RelationalCommand.ExecuteReaderAsync(RelationalCommandParameterObject parameterObject, CancellationToken cancellationToken)
   at Microsoft.EntityFrameworkCore.Storage.RelationalCommand.ExecuteReaderAsync(RelationalCommandParameterObject parameterObject, CancellationToken cancellationToken)
   at Microsoft.EntityFrameworkCore.Query.Internal.SingleQueryingEnumerable`1.AsyncEnumerator.InitializeReaderAsync(AsyncEnumerator enumerator, CancellationToken cancellationToken)
   at Microsoft.EntityFrameworkCore.SqlServer.Storage.Internal.SqlServerExecutionStrategy.ExecuteAsync[TState,TResult](TState state, Func`4 operation, Func`4 verifySucceeded, CancellationToken cancellationToken)
   at Microsoft.EntityFrameworkCore.Query.Internal.SingleQueryingEnumerable`1.AsyncEnumerator.MoveNextAsync()
ClientConnectionId:4105cf9e-9364-4ad6-8d95-3e293d324994
Error Number:207,State:1,Class:16
2025-04-09 13:08:43.9930 ERROR An unhandled exception has occurred while executing the request. Microsoft.Data.SqlClient.SqlException (0x80131904): Invalid column name 'Role'.
   at Microsoft.Data.SqlClient.SqlCommand.<>c.<ExecuteDbDataReaderAsync>b__211_0(Task`1 result)
   at System.Threading.Tasks.ContinuationResultTaskFromResultTask`2.InnerInvoke()
   at System.Threading.ExecutionContext.RunInternal(ExecutionContext executionContext, ContextCallback callback, Object state)
--- End of stack trace from previous location ---
   at System.Threading.ExecutionContext.RunInternal(ExecutionContext executionContext, ContextCallback callback, Object state)
   at System.Threading.Tasks.Task.ExecuteWithThreadLocal(Task& currentTaskSlot, Thread threadPoolThread)
--- End of stack trace from previous location ---
   at Microsoft.EntityFrameworkCore.Storage.RelationalCommand.ExecuteReaderAsync(RelationalCommandParameterObject parameterObject, CancellationToken cancellationToken)
   at Microsoft.EntityFrameworkCore.Storage.RelationalCommand.ExecuteReaderAsync(RelationalCommandParameterObject parameterObject, CancellationToken cancellationToken)
   at Microsoft.EntityFrameworkCore.Query.Internal.SingleQueryingEnumerable`1.AsyncEnumerator.InitializeReaderAsync(AsyncEnumerator enumerator, CancellationToken cancellationToken)
   at Microsoft.EntityFrameworkCore.SqlServer.Storage.Internal.SqlServerExecutionStrategy.ExecuteAsync[TState,TResult](TState state, Func`4 operation, Func`4 verifySucceeded, CancellationToken cancellationToken)
   at Microsoft.EntityFrameworkCore.Query.Internal.SingleQueryingEnumerable`1.AsyncEnumerator.MoveNextAsync()
   at Microsoft.EntityFrameworkCore.Query.ShapedQueryCompilingExpressionVisitor.SingleOrDefaultAsync[TSource](IAsyncEnumerable`1 asyncEnumerable, CancellationToken cancellationToken)
   at Microsoft.EntityFrameworkCore.Query.ShapedQueryCompilingExpressionVisitor.SingleOrDefaultAsync[TSource](IAsyncEnumerable`1 asyncEnumerable, CancellationToken cancellationToken)
   at DAL.Repositories.UserRepository.GetUserByUsernameAsync(String username) in C:\Users\aaithamou\source\repos\AuthenticationService\DataAccessLayer\Repositories\UserRepository.cs:line 22
   at Service.Services.UserService.GetUserByUsernameAsync(String username) in C:\Users\aaithamou\source\repos\AuthenticationService\BusinessLogicLayer\Services\UserService.cs:line 28
   at WebAPI.Controllers.AuthController.Login(LoginModel model) in C:\Users\aaithamou\source\repos\AuthenticationService\AuthenticationAPI\Controllers\AuthController.cs:line 53
   at Microsoft.AspNetCore.Mvc.Infrastructure.ActionMethodExecutor.TaskOfIActionResultExecutor.Execute(ActionContext actionContext, IActionResultTypeMapper mapper, ObjectMethodExecutor executor, Object controller, Object[] arguments)
   at Microsoft.AspNetCore.Mvc.Infrastructure.ControllerActionInvoker.<InvokeActionMethodAsync>g__Awaited|12_0(ControllerActionInvoker invoker, ValueTask`1 actionResultValueTask)
   at Microsoft.AspNetCore.Mvc.Infrastructure.ControllerActionInvoker.<InvokeNextActionFilterAsync>g__Awaited|10_0(ControllerActionInvoker invoker, Task lastTask, State next, Scope scope, Object state, Boolean isCompleted)
   at Microsoft.AspNetCore.Mvc.Infrastructure.ControllerActionInvoker.Rethrow(ActionExecutedContextSealed context)
   at Microsoft.AspNetCore.Mvc.Infrastructure.ControllerActionInvoker.Next(State& next, Scope& scope, Object& state, Boolean& isCompleted)
   at Microsoft.AspNetCore.Mvc.Infrastructure.ControllerActionInvoker.<InvokeInnerFilterAsync>g__Awaited|13_0(ControllerActionInvoker invoker, Task lastTask, State next, Scope scope, Object state, Boolean isCompleted)
   at Microsoft.AspNetCore.Mvc.Infrastructure.ResourceInvoker.<InvokeFilterPipelineAsync>g__Awaited|20_0(ResourceInvoker invoker, Task lastTask, State next, Scope scope, Object state, Boolean isCompleted)
   at Microsoft.AspNetCore.Mvc.Infrastructure.ResourceInvoker.<InvokeAsync>g__Awaited|17_0(ResourceInvoker invoker, Task task, IDisposable scope)
   at Microsoft.AspNetCore.Mvc.Infrastructure.ResourceInvoker.<InvokeAsync>g__Awaited|17_0(ResourceInvoker invoker, Task task, IDisposable scope)
   at Microsoft.AspNetCore.Authorization.AuthorizationMiddleware.Invoke(HttpContext context)
   at Swashbuckle.AspNetCore.SwaggerUI.SwaggerUIMiddleware.Invoke(HttpContext httpContext)
   at Swashbuckle.AspNetCore.Swagger.SwaggerMiddleware.Invoke(HttpContext httpContext, ISwaggerProvider swaggerProvider)
   at Microsoft.AspNetCore.Authentication.AuthenticationMiddleware.Invoke(HttpContext context)
   at Microsoft.AspNetCore.Diagnostics.DeveloperExceptionPageMiddlewareImpl.Invoke(HttpContext context)
ClientConnectionId:4105cf9e-9364-4ad6-8d95-3e293d324994
Error Number:207,State:1,Class:16
2025-04-09 13:09:10.0396 ERROR Failed executing DbCommand (8ms) [Parameters=[@__username_0='?' (Size = 4000)], CommandType='Text', CommandTimeout='30']
SELECT TOP(1) [u].[Id], [u].[Email], [u].[PasswordHash], [u].[Role], [u].[Username]
FROM [Users] AS [u]
WHERE [u].[Username] = @__username_0 
2025-04-09 13:09:10.0436 ERROR An exception occurred while iterating over the results of a query for context type 'DAL.Data.ApplicationDbContext'.
Microsoft.Data.SqlClient.SqlException (0x80131904): Invalid column name 'Role'.
   at Microsoft.Data.SqlClient.SqlCommand.<>c.<ExecuteDbDataReaderAsync>b__211_0(Task`1 result)
   at System.Threading.Tasks.ContinuationResultTaskFromResultTask`2.InnerInvoke()
   at System.Threading.ExecutionContext.RunInternal(ExecutionContext executionContext, ContextCallback callback, Object state)
--- End of stack trace from previous location ---
   at System.Threading.ExecutionContext.RunInternal(ExecutionContext executionContext, ContextCallback callback, Object state)
   at System.Threading.Tasks.Task.ExecuteWithThreadLocal(Task& currentTaskSlot, Thread threadPoolThread)
--- End of stack trace from previous location ---
   at Microsoft.EntityFrameworkCore.Storage.RelationalCommand.ExecuteReaderAsync(RelationalCommandParameterObject parameterObject, CancellationToken cancellationToken)
   at Microsoft.EntityFrameworkCore.Storage.RelationalCommand.ExecuteReaderAsync(RelationalCommandParameterObject parameterObject, CancellationToken cancellationToken)
   at Microsoft.EntityFrameworkCore.Query.Internal.SingleQueryingEnumerable`1.AsyncEnumerator.InitializeReaderAsync(AsyncEnumerator enumerator, CancellationToken cancellationToken)
   at Microsoft.EntityFrameworkCore.SqlServer.Storage.Internal.SqlServerExecutionStrategy.ExecuteAsync[TState,TResult](TState state, Func`4 operation, Func`4 verifySucceeded, CancellationToken cancellationToken)
   at Microsoft.EntityFrameworkCore.Query.Internal.SingleQueryingEnumerable`1.AsyncEnumerator.MoveNextAsync()
ClientConnectionId:4105cf9e-9364-4ad6-8d95-3e293d324994
Error Number:207,State:1,Class:16 Microsoft.Data.SqlClient.SqlException (0x80131904): Invalid column name 'Role'.
   at Microsoft.Data.SqlClient.SqlCommand.<>c.<ExecuteDbDataReaderAsync>b__211_0(Task`1 result)
   at System.Threading.Tasks.ContinuationResultTaskFromResultTask`2.InnerInvoke()
   at System.Threading.ExecutionContext.RunInternal(ExecutionContext executionContext, ContextCallback callback, Object state)
--- End of stack trace from previous location ---
   at System.Threading.ExecutionContext.RunInternal(ExecutionContext executionContext, ContextCallback callback, Object state)
   at System.Threading.Tasks.Task.ExecuteWithThreadLocal(Task& currentTaskSlot, Thread threadPoolThread)
--- End of stack trace from previous location ---
   at Microsoft.EntityFrameworkCore.Storage.RelationalCommand.ExecuteReaderAsync(RelationalCommandParameterObject parameterObject, CancellationToken cancellationToken)
   at Microsoft.EntityFrameworkCore.Storage.RelationalCommand.ExecuteReaderAsync(RelationalCommandParameterObject parameterObject, CancellationToken cancellationToken)
   at Microsoft.EntityFrameworkCore.Query.Internal.SingleQueryingEnumerable`1.AsyncEnumerator.InitializeReaderAsync(AsyncEnumerator enumerator, CancellationToken cancellationToken)
   at Microsoft.EntityFrameworkCore.SqlServer.Storage.Internal.SqlServerExecutionStrategy.ExecuteAsync[TState,TResult](TState state, Func`4 operation, Func`4 verifySucceeded, CancellationToken cancellationToken)
   at Microsoft.EntityFrameworkCore.Query.Internal.SingleQueryingEnumerable`1.AsyncEnumerator.MoveNextAsync()
ClientConnectionId:4105cf9e-9364-4ad6-8d95-3e293d324994
Error Number:207,State:1,Class:16
2025-04-09 13:09:13.9314 ERROR An unhandled exception has occurred while executing the request. Microsoft.Data.SqlClient.SqlException (0x80131904): Invalid column name 'Role'.
   at Microsoft.Data.SqlClient.SqlCommand.<>c.<ExecuteDbDataReaderAsync>b__211_0(Task`1 result)
   at System.Threading.Tasks.ContinuationResultTaskFromResultTask`2.InnerInvoke()
   at System.Threading.ExecutionContext.RunInternal(ExecutionContext executionContext, ContextCallback callback, Object state)
--- End of stack trace from previous location ---
   at System.Threading.ExecutionContext.RunInternal(ExecutionContext executionContext, ContextCallback callback, Object state)
   at System.Threading.Tasks.Task.ExecuteWithThreadLocal(Task& currentTaskSlot, Thread threadPoolThread)
--- End of stack trace from previous location ---
   at Microsoft.EntityFrameworkCore.Storage.RelationalCommand.ExecuteReaderAsync(RelationalCommandParameterObject parameterObject, CancellationToken cancellationToken)
   at Microsoft.EntityFrameworkCore.Storage.RelationalCommand.ExecuteReaderAsync(RelationalCommandParameterObject parameterObject, CancellationToken cancellationToken)
   at Microsoft.EntityFrameworkCore.Query.Internal.SingleQueryingEnumerable`1.AsyncEnumerator.InitializeReaderAsync(AsyncEnumerator enumerator, CancellationToken cancellationToken)
   at Microsoft.EntityFrameworkCore.SqlServer.Storage.Internal.SqlServerExecutionStrategy.ExecuteAsync[TState,TResult](TState state, Func`4 operation, Func`4 verifySucceeded, CancellationToken cancellationToken)
   at Microsoft.EntityFrameworkCore.Query.Internal.SingleQueryingEnumerable`1.AsyncEnumerator.MoveNextAsync()
   at Microsoft.EntityFrameworkCore.Query.ShapedQueryCompilingExpressionVisitor.SingleOrDefaultAsync[TSource](IAsyncEnumerable`1 asyncEnumerable, CancellationToken cancellationToken)
   at Microsoft.EntityFrameworkCore.Query.ShapedQueryCompilingExpressionVisitor.SingleOrDefaultAsync[TSource](IAsyncEnumerable`1 asyncEnumerable, CancellationToken cancellationToken)
   at DAL.Repositories.UserRepository.GetUserByUsernameAsync(String username) in C:\Users\aaithamou\source\repos\AuthenticationService\DataAccessLayer\Repositories\UserRepository.cs:line 22
   at Service.Services.UserService.GetUserByUsernameAsync(String username) in C:\Users\aaithamou\source\repos\AuthenticationService\BusinessLogicLayer\Services\UserService.cs:line 28
   at WebAPI.Controllers.AuthController.Login(LoginModel model) in C:\Users\aaithamou\source\repos\AuthenticationService\AuthenticationAPI\Controllers\AuthController.cs:line 53
   at Microsoft.AspNetCore.Mvc.Infrastructure.ActionMethodExecutor.TaskOfIActionResultExecutor.Execute(ActionContext actionContext, IActionResultTypeMapper mapper, ObjectMethodExecutor executor, Object controller, Object[] arguments)
   at Microsoft.AspNetCore.Mvc.Infrastructure.ControllerActionInvoker.<InvokeActionMethodAsync>g__Awaited|12_0(ControllerActionInvoker invoker, ValueTask`1 actionResultValueTask)
   at Microsoft.AspNetCore.Mvc.Infrastructure.ControllerActionInvoker.<InvokeNextActionFilterAsync>g__Awaited|10_0(ControllerActionInvoker invoker, Task lastTask, State next, Scope scope, Object state, Boolean isCompleted)
   at Microsoft.AspNetCore.Mvc.Infrastructure.ControllerActionInvoker.Rethrow(ActionExecutedContextSealed context)
   at Microsoft.AspNetCore.Mvc.Infrastructure.ControllerActionInvoker.Next(State& next, Scope& scope, Object& state, Boolean& isCompleted)
   at Microsoft.AspNetCore.Mvc.Infrastructure.ControllerActionInvoker.<InvokeInnerFilterAsync>g__Awaited|13_0(ControllerActionInvoker invoker, Task lastTask, State next, Scope scope, Object state, Boolean isCompleted)
   at Microsoft.AspNetCore.Mvc.Infrastructure.ResourceInvoker.<InvokeFilterPipelineAsync>g__Awaited|20_0(ResourceInvoker invoker, Task lastTask, State next, Scope scope, Object state, Boolean isCompleted)
   at Microsoft.AspNetCore.Mvc.Infrastructure.ResourceInvoker.<InvokeAsync>g__Awaited|17_0(ResourceInvoker invoker, Task task, IDisposable scope)
   at Microsoft.AspNetCore.Mvc.Infrastructure.ResourceInvoker.<InvokeAsync>g__Awaited|17_0(ResourceInvoker invoker, Task task, IDisposable scope)
   at Microsoft.AspNetCore.Authorization.AuthorizationMiddleware.Invoke(HttpContext context)
   at Swashbuckle.AspNetCore.SwaggerUI.SwaggerUIMiddleware.Invoke(HttpContext httpContext)
   at Swashbuckle.AspNetCore.Swagger.SwaggerMiddleware.Invoke(HttpContext httpContext, ISwaggerProvider swaggerProvider)
   at Microsoft.AspNetCore.Authentication.AuthenticationMiddleware.Invoke(HttpContext context)
   at Microsoft.AspNetCore.Diagnostics.DeveloperExceptionPageMiddlewareImpl.Invoke(HttpContext context)
ClientConnectionId:4105cf9e-9364-4ad6-8d95-3e293d324994
Error Number:207,State:1,Class:16
2025-04-09 13:11:17.2863 INFO Application started. Press Ctrl+C to shut down. 
2025-04-09 13:11:17.3197 INFO Hosting environment: Development 
2025-04-09 13:11:17.3197 INFO Content root path: C:\Users\aaithamou\source\repos\AuthenticationService\AuthenticationAPI 
2025-04-09 13:11:55.4797 ERROR Failed executing DbCommand (48ms) [Parameters=[@__username_0='?' (Size = 4000)], CommandType='Text', CommandTimeout='30']
SELECT TOP(1) [u].[Id], [u].[Email], [u].[PasswordHash], [u].[Role], [u].[Username]
FROM [Users] AS [u]
WHERE [u].[Username] = @__username_0 
2025-04-09 13:11:55.5003 ERROR An exception occurred while iterating over the results of a query for context type 'DAL.Data.ApplicationDbContext'.
Microsoft.Data.SqlClient.SqlException (0x80131904): Invalid column name 'Role'.
   at Microsoft.Data.SqlClient.SqlCommand.<>c.<ExecuteDbDataReaderAsync>b__211_0(Task`1 result)
   at System.Threading.Tasks.ContinuationResultTaskFromResultTask`2.InnerInvoke()
   at System.Threading.ExecutionContext.RunInternal(ExecutionContext executionContext, ContextCallback callback, Object state)
--- End of stack trace from previous location ---
   at System.Threading.ExecutionContext.RunInternal(ExecutionContext executionContext, ContextCallback callback, Object state)
   at System.Threading.Tasks.Task.ExecuteWithThreadLocal(Task& currentTaskSlot, Thread threadPoolThread)
--- End of stack trace from previous location ---
   at Microsoft.EntityFrameworkCore.Storage.RelationalCommand.ExecuteReaderAsync(RelationalCommandParameterObject parameterObject, CancellationToken cancellationToken)
   at Microsoft.EntityFrameworkCore.Storage.RelationalCommand.ExecuteReaderAsync(RelationalCommandParameterObject parameterObject, CancellationToken cancellationToken)
   at Microsoft.EntityFrameworkCore.Query.Internal.SingleQueryingEnumerable`1.AsyncEnumerator.InitializeReaderAsync(AsyncEnumerator enumerator, CancellationToken cancellationToken)
   at Microsoft.EntityFrameworkCore.SqlServer.Storage.Internal.SqlServerExecutionStrategy.ExecuteAsync[TState,TResult](TState state, Func`4 operation, Func`4 verifySucceeded, CancellationToken cancellationToken)
   at Microsoft.EntityFrameworkCore.Query.Internal.SingleQueryingEnumerable`1.AsyncEnumerator.MoveNextAsync()
ClientConnectionId:319d13c7-4779-4072-8a90-ce62c9b36182
Error Number:207,State:1,Class:16 Microsoft.Data.SqlClient.SqlException (0x80131904): Invalid column name 'Role'.
   at Microsoft.Data.SqlClient.SqlCommand.<>c.<ExecuteDbDataReaderAsync>b__211_0(Task`1 result)
   at System.Threading.Tasks.ContinuationResultTaskFromResultTask`2.InnerInvoke()
   at System.Threading.ExecutionContext.RunInternal(ExecutionContext executionContext, ContextCallback callback, Object state)
--- End of stack trace from previous location ---
   at System.Threading.ExecutionContext.RunInternal(ExecutionContext executionContext, ContextCallback callback, Object state)
   at System.Threading.Tasks.Task.ExecuteWithThreadLocal(Task& currentTaskSlot, Thread threadPoolThread)
--- End of stack trace from previous location ---
   at Microsoft.EntityFrameworkCore.Storage.RelationalCommand.ExecuteReaderAsync(RelationalCommandParameterObject parameterObject, CancellationToken cancellationToken)
   at Microsoft.EntityFrameworkCore.Storage.RelationalCommand.ExecuteReaderAsync(RelationalCommandParameterObject parameterObject, CancellationToken cancellationToken)
   at Microsoft.EntityFrameworkCore.Query.Internal.SingleQueryingEnumerable`1.AsyncEnumerator.InitializeReaderAsync(AsyncEnumerator enumerator, CancellationToken cancellationToken)
   at Microsoft.EntityFrameworkCore.SqlServer.Storage.Internal.SqlServerExecutionStrategy.ExecuteAsync[TState,TResult](TState state, Func`4 operation, Func`4 verifySucceeded, CancellationToken cancellationToken)
   at Microsoft.EntityFrameworkCore.Query.Internal.SingleQueryingEnumerable`1.AsyncEnumerator.MoveNextAsync()
ClientConnectionId:319d13c7-4779-4072-8a90-ce62c9b36182
Error Number:207,State:1,Class:16
2025-04-09 13:15:00.3972 INFO Executed DbCommand (12ms) [Parameters=[], CommandType='Text', CommandTimeout='30']
SELECT 1 
2025-04-09 13:15:00.4194 INFO Acquiring an exclusive lock for migration application. See https://aka.ms/efcore-docs-migrations-lock for more information if this takes too long. 
2025-04-09 13:15:00.4390 INFO Executed DbCommand (17ms) [Parameters=[], CommandType='Text', CommandTimeout='30']
DECLARE @result int;
EXEC @result = sp_getapplock @Resource = '__EFMigrationsLock', @LockOwner = 'Session', @LockMode = 'Exclusive';
SELECT @result 
2025-04-09 13:15:00.5031 INFO Executed DbCommand (5ms) [Parameters=[], CommandType='Text', CommandTimeout='30']
IF OBJECT_ID(N'[__EFMigrationsHistory]') IS NULL
BEGIN
    CREATE TABLE [__EFMigrationsHistory] (
        [MigrationId] nvarchar(150) NOT NULL,
        [ProductVersion] nvarchar(32) NOT NULL,
        CONSTRAINT [PK___EFMigrationsHistory] PRIMARY KEY ([MigrationId])
    );
END; 
2025-04-09 13:15:00.5100 INFO Executed DbCommand (0ms) [Parameters=[], CommandType='Text', CommandTimeout='30']
SELECT 1 
2025-04-09 13:15:00.5100 INFO Executed DbCommand (0ms) [Parameters=[], CommandType='Text', CommandTimeout='30']
SELECT OBJECT_ID(N'[__EFMigrationsHistory]'); 
2025-04-09 13:15:00.5100 INFO Executed DbCommand (5ms) [Parameters=[], CommandType='Text', CommandTimeout='30']
SELECT [MigrationId], [ProductVersion]
FROM [__EFMigrationsHistory]
ORDER BY [MigrationId]; 
2025-04-09 13:15:00.5100 INFO Applying migration '20250409121441_AddRoles'. 
2025-04-09 13:15:00.5367 INFO Executed DbCommand (5ms) [Parameters=[], CommandType='Text', CommandTimeout='30']
CREATE TABLE [LogEntries] (
    [Id] int NOT NULL IDENTITY,
    [Date] datetime2 NOT NULL,
    [Level] nvarchar(max) NULL,
    [Message] nvarchar(max) NULL,
    [Logger] nvarchar(max) NULL,
    [Exception] nvarchar(max) NULL,
    CONSTRAINT [PK_LogEntries] PRIMARY KEY ([Id])
); 
2025-04-09 13:15:00.5367 INFO Executed DbCommand (1ms) [Parameters=[], CommandType='Text', CommandTimeout='30']
CREATE TABLE [Users] (
    [Id] int NOT NULL IDENTITY,
    [Username] nvarchar(max) NOT NULL,
    [Email] nvarchar(max) NOT NULL,
    [PasswordHash] nvarchar(max) NOT NULL,
    [Role] int NOT NULL,
    CONSTRAINT [PK_Users] PRIMARY KEY ([Id])
); 
2025-04-09 13:15:00.5408 INFO Executed DbCommand (2ms) [Parameters=[], CommandType='Text', CommandTimeout='30']
INSERT INTO [__EFMigrationsHistory] ([MigrationId], [ProductVersion])
VALUES (N'20250409121441_AddRoles', N'9.0.3'); 
2025-04-09 13:15:00.5408 INFO Executed DbCommand (2ms) [Parameters=[], CommandType='Text', CommandTimeout='30']
DECLARE @result int;
EXEC @result = sp_releaseapplock @Resource = '__EFMigrationsLock', @LockOwner = 'Session';
SELECT @result 
2025-04-09 13:18:54.8306 INFO Application started. Press Ctrl+C to shut down. 
2025-04-09 13:18:54.8662 INFO Hosting environment: Development 
2025-04-09 13:18:54.8662 INFO Content root path: C:\Users\aaithamou\source\repos\AuthenticationService\AuthenticationAPI 
2025-04-09 13:20:28.7683 INFO Executed DbCommand (41ms) [Parameters=[@__username_0='?' (Size = 4000)], CommandType='Text', CommandTimeout='30']
SELECT TOP(1) [u].[Id], [u].[Email], [u].[PasswordHash], [u].[Role], [u].[Username]
FROM [Users] AS [u]
WHERE [u].[Username] = @__username_0 
2025-04-09 13:20:28.7926 INFO Registering to the application... 
2025-04-09 13:20:29.0415 INFO Executed DbCommand (8ms) [Parameters=[@p0='?' (Size = 4000), @p1='?' (Size = 4000), @p2='?' (DbType = Int32), @p3='?' (Size = 4000)], CommandType='Text', CommandTimeout='30']
SET IMPLICIT_TRANSACTIONS OFF;
SET NOCOUNT ON;
INSERT INTO [Users] ([Email], [PasswordHash], [Role], [Username])
OUTPUT INSERTED.[Id]
VALUES (@p0, @p1, @p2, @p3); 
2025-04-09 13:23:59.4091 INFO Executed DbCommand (12ms) [Parameters=[@__username_0='?' (Size = 4000)], CommandType='Text', CommandTimeout='30']
SELECT TOP(1) [u].[Id], [u].[Email], [u].[PasswordHash], [u].[Role], [u].[Username]
FROM [Users] AS [u]
WHERE [u].[Username] = @__username_0 
2025-04-09 13:23:59.4091 INFO Registering to the application... 
2025-04-09 13:23:59.5014 ERROR Failed executing DbCommand (6ms) [Parameters=[@p0='?' (Size = 4000), @p1='?' (Size = 4000), @p2='?' (DbType = Int32), @p3='?' (Size = 4000)], CommandType='Text', CommandTimeout='30']
SET IMPLICIT_TRANSACTIONS OFF;
SET NOCOUNT ON;
INSERT INTO [Users] ([Email], [PasswordHash], [Role], [Username])
OUTPUT INSERTED.[Id]
VALUES (@p0, @p1, @p2, @p3); 
2025-04-09 13:26:05.3887 ERROR An unhandled exception has occurred while executing the request. System.Runtime.CompilerServices.HotReloadException: Attempted to invoke a deleted method implementation. This can happen when a method is deleted or its name or signature is changed while the application is running.
   at AuthenticationAPI.Models.LoginModel.get_Role()
   at Microsoft.Extensions.Internal.PropertyHelper.CallNullSafePropertyGetter[TDeclaringType,TValue](Func`2 getter, Object target)
   at Microsoft.AspNetCore.Mvc.ModelBinding.Validation.ValidationEntry.get_Model()
   at Microsoft.AspNetCore.Mvc.ModelBinding.Validation.ValidationVisitor.VisitChildren(IValidationStrategy strategy)
   at Microsoft.AspNetCore.Mvc.ModelBinding.Validation.ValidationVisitor.VisitComplexType(IValidationStrategy defaultStrategy)
   at Microsoft.AspNetCore.Mvc.ModelBinding.Validation.ValidationVisitor.VisitImplementation(ModelMetadata& metadata, String& key, Object model)
   at Microsoft.AspNetCore.Mvc.ModelBinding.Validation.ValidationVisitor.Visit(ModelMetadata metadata, String key, Object model)
   at Microsoft.AspNetCore.Mvc.ModelBinding.ObjectModelValidator.Validate(ActionContext actionContext, ValidationStateDictionary validationState, String prefix, Object model, ModelMetadata metadata, Object container)
   at Microsoft.AspNetCore.Mvc.ModelBinding.ParameterBinder.EnforceBindRequiredAndValidate(ObjectModelValidator baseObjectValidator, ActionContext actionContext, ParameterDescriptor parameter, ModelMetadata metadata, ModelBindingContext modelBindingContext, ModelBindingResult modelBindingResult, Object container)
   at Microsoft.AspNetCore.Mvc.ModelBinding.ParameterBinder.BindModelAsync(ActionContext actionContext, IModelBinder modelBinder, IValueProvider valueProvider, ParameterDescriptor parameter, ModelMetadata metadata, Object value, Object container)
   at Microsoft.AspNetCore.Mvc.Controllers.ControllerBinderDelegateProvider.<>c__DisplayClass0_0.<<CreateBinderDelegate>g__Bind|0>d.MoveNext()
--- End of stack trace from previous location ---
   at Microsoft.AspNetCore.Mvc.Infrastructure.ControllerActionInvoker.<InvokeInnerFilterAsync>g__Awaited|13_0(ControllerActionInvoker invoker, Task lastTask, State next, Scope scope, Object state, Boolean isCompleted)
   at Microsoft.AspNetCore.Mvc.Infrastructure.ResourceInvoker.<InvokeFilterPipelineAsync>g__Awaited|20_0(ResourceInvoker invoker, Task lastTask, State next, Scope scope, Object state, Boolean isCompleted)
   at Microsoft.AspNetCore.Mvc.Infrastructure.ResourceInvoker.<InvokeAsync>g__Awaited|17_0(ResourceInvoker invoker, Task task, IDisposable scope)
   at Microsoft.AspNetCore.Mvc.Infrastructure.ResourceInvoker.<InvokeAsync>g__Awaited|17_0(ResourceInvoker invoker, Task task, IDisposable scope)
   at Microsoft.AspNetCore.Authorization.AuthorizationMiddleware.Invoke(HttpContext context)
   at Swashbuckle.AspNetCore.SwaggerUI.SwaggerUIMiddleware.Invoke(HttpContext httpContext)
   at Swashbuckle.AspNetCore.Swagger.SwaggerMiddleware.Invoke(HttpContext httpContext, ISwaggerProvider swaggerProvider)
   at Microsoft.AspNetCore.Authentication.AuthenticationMiddleware.Invoke(HttpContext context)
   at Microsoft.AspNetCore.Diagnostics.DeveloperExceptionPageMiddlewareImpl.Invoke(HttpContext context)
2025-04-09 13:26:41.8990 INFO Application started. Press Ctrl+C to shut down. 
2025-04-09 13:26:41.9559 INFO Hosting environment: Development 
2025-04-09 13:26:41.9559 INFO Content root path: C:\Users\aaithamou\source\repos\AuthenticationService\AuthenticationAPI 
2025-04-09 13:27:05.6192 INFO Executed DbCommand (43ms) [Parameters=[@__username_0='?' (Size = 4000)], CommandType='Text', CommandTimeout='30']
SELECT TOP(1) [u].[Id], [u].[Email], [u].[PasswordHash], [u].[Role], [u].[Username]
FROM [Users] AS [u]
WHERE [u].[Username] = @__username_0 
2025-04-09 13:27:58.5869 ERROR An unhandled exception has occurred while executing the request. System.NullReferenceException: Object reference not set to an instance of an object.
   at WebAPI.Controllers.AuthController.Login(LoginModel model)
   at Microsoft.AspNetCore.Mvc.Infrastructure.ActionMethodExecutor.TaskOfIActionResultExecutor.Execute(ActionContext actionContext, IActionResultTypeMapper mapper, ObjectMethodExecutor executor, Object controller, Object[] arguments)
   at Microsoft.AspNetCore.Mvc.Infrastructure.ControllerActionInvoker.<InvokeActionMethodAsync>g__Awaited|12_0(ControllerActionInvoker invoker, ValueTask`1 actionResultValueTask)
   at Microsoft.AspNetCore.Mvc.Infrastructure.ControllerActionInvoker.<InvokeNextActionFilterAsync>g__Awaited|10_0(ControllerActionInvoker invoker, Task lastTask, State next, Scope scope, Object state, Boolean isCompleted)
   at Microsoft.AspNetCore.Mvc.Infrastructure.ControllerActionInvoker.Rethrow(ActionExecutedContextSealed context)
   at Microsoft.AspNetCore.Mvc.Infrastructure.ControllerActionInvoker.Next(State& next, Scope& scope, Object& state, Boolean& isCompleted)
   at Microsoft.AspNetCore.Mvc.Infrastructure.ControllerActionInvoker.<InvokeInnerFilterAsync>g__Awaited|13_0(ControllerActionInvoker invoker, Task lastTask, State next, Scope scope, Object state, Boolean isCompleted)
   at Microsoft.AspNetCore.Mvc.Infrastructure.ResourceInvoker.<InvokeFilterPipelineAsync>g__Awaited|20_0(ResourceInvoker invoker, Task lastTask, State next, Scope scope, Object state, Boolean isCompleted)
   at Microsoft.AspNetCore.Mvc.Infrastructure.ResourceInvoker.<InvokeAsync>g__Awaited|17_0(ResourceInvoker invoker, Task task, IDisposable scope)
   at Microsoft.AspNetCore.Mvc.Infrastructure.ResourceInvoker.<InvokeAsync>g__Awaited|17_0(ResourceInvoker invoker, Task task, IDisposable scope)
   at Microsoft.AspNetCore.Authorization.AuthorizationMiddleware.Invoke(HttpContext context)
   at Swashbuckle.AspNetCore.SwaggerUI.SwaggerUIMiddleware.Invoke(HttpContext httpContext)
   at Swashbuckle.AspNetCore.Swagger.SwaggerMiddleware.Invoke(HttpContext httpContext, ISwaggerProvider swaggerProvider)
   at Microsoft.AspNetCore.Authentication.AuthenticationMiddleware.Invoke(HttpContext context)
   at Microsoft.AspNetCore.Diagnostics.DeveloperExceptionPageMiddlewareImpl.Invoke(HttpContext context)
2025-04-09 15:17:16.3125 INFO Application started. Press Ctrl+C to shut down. 
2025-04-09 15:17:16.3772 INFO Hosting environment: Development 
2025-04-09 15:17:16.3772 INFO Content root path: C:\Users\aaithamou\source\repos\AuthenticationService\AuthenticationAPI 
2025-04-09 15:19:50.3168 INFO Executed DbCommand (139ms) [Parameters=[@__username_0='?' (Size = 4000)], CommandType='Text', CommandTimeout='30']
SELECT TOP(1) [u].[Id], [u].[Email], [u].[PasswordHash], [u].[Role], [u].[Username]
FROM [Users] AS [u]
WHERE [u].[Username] = @__username_0 
2025-04-09 15:20:55.8006 INFO Executed DbCommand (108ms) [Parameters=[@__username_0='?' (Size = 4000)], CommandType='Text', CommandTimeout='30']
SELECT TOP(1) [u].[Id], [u].[Email], [u].[PasswordHash], [u].[Role], [u].[Username]
FROM [Users] AS [u]
WHERE [u].[Username] = @__username_0 
2025-04-09 15:25:01.8934 INFO Application started. Press Ctrl+C to shut down. 
2025-04-09 15:25:01.9993 INFO Hosting environment: Development 
2025-04-09 15:25:01.9993 INFO Content root path: C:\Users\aaithamou\source\repos\AuthenticationService\AuthenticationAPI 
2025-04-09 15:25:54.5374 INFO Executed DbCommand (80ms) [Parameters=[@__username_0='?' (Size = 4000)], CommandType='Text', CommandTimeout='30']
SELECT TOP(1) [u].[Id], [u].[Email], [u].[PasswordHash], [u].[Role], [u].[Username]
FROM [Users] AS [u]
WHERE [u].[Username] = @__username_0 
2025-04-09 15:26:14.1904 INFO Executed DbCommand (85ms) [Parameters=[@__username_0='?' (Size = 4000)], CommandType='Text', CommandTimeout='30']
SELECT TOP(1) [u].[Id], [u].[Email], [u].[PasswordHash], [u].[Role], [u].[Username]
FROM [Users] AS [u]
WHERE [u].[Username] = @__username_0 
2025-04-09 15:44:59.8506 INFO Executed DbCommand (11ms) [Parameters=[@__username_0='?' (Size = 4000)], CommandType='Text', CommandTimeout='30']
SELECT TOP(1) [u].[Id], [u].[Email], [u].[PasswordHash], [u].[Role], [u].[Username]
FROM [Users] AS [u]
WHERE [u].[Username] = @__username_0 
2025-04-09 15:45:08.4441 INFO Executed DbCommand (132ms) [Parameters=[@__username_0='?' (Size = 4000)], CommandType='Text', CommandTimeout='30']
SELECT TOP(1) [u].[Id], [u].[Email], [u].[PasswordHash], [u].[Role], [u].[Username]
FROM [Users] AS [u]
WHERE [u].[Username] = @__username_0 
2025-04-09 15:54:09.3819 INFO Application started. Press Ctrl+C to shut down. 
2025-04-09 15:54:09.4770 INFO Hosting environment: Development 
2025-04-09 15:54:09.4770 INFO Content root path: C:\Users\aaithamou\source\repos\AuthenticationService\AuthenticationAPI 
2025-04-09 15:54:48.8698 INFO Executed DbCommand (59ms) [Parameters=[@__username_0='?' (Size = 4000)], CommandType='Text', CommandTimeout='30']
SELECT TOP(1) [u].[Id], [u].[Email], [u].[PasswordHash], [u].[Role], [u].[Username]
FROM [Users] AS [u]
WHERE [u].[Username] = @__username_0 
2025-04-09 15:54:54.6166 INFO Executed DbCommand (50ms) [Parameters=[@__username_0='?' (Size = 4000)], CommandType='Text', CommandTimeout='30']
SELECT TOP(1) [u].[Id], [u].[Email], [u].[PasswordHash], [u].[Role], [u].[Username]
FROM [Users] AS [u]
WHERE [u].[Username] = @__username_0 
2025-04-09 15:59:20.4128 INFO Application started. Press Ctrl+C to shut down. 
2025-04-09 15:59:20.4567 INFO Hosting environment: Development 
2025-04-09 15:59:20.4567 INFO Content root path: C:\Users\aaithamou\source\repos\AuthenticationService\AuthenticationAPI 
2025-04-09 16:03:12.7865 INFO Application started. Press Ctrl+C to shut down. 
2025-04-09 16:03:12.8257 INFO Hosting environment: Development 
2025-04-09 16:03:12.8257 INFO Content root path: C:\Users\aaithamou\source\repos\AuthenticationService\AuthenticationAPI 
2025-04-09 16:04:33.3803 INFO Application started. Press Ctrl+C to shut down. 
2025-04-09 16:04:33.4340 INFO Hosting environment: Development 
2025-04-09 16:04:33.4340 INFO Content root path: C:\Users\aaithamou\source\repos\AuthenticationService\AuthenticationAPI 
2025-04-09 16:10:01.1568 INFO Application started. Press Ctrl+C to shut down. 
2025-04-09 16:10:01.1990 INFO Hosting environment: Development 
2025-04-09 16:10:01.2001 INFO Content root path: C:\Users\aaithamou\source\repos\AuthenticationService\AuthenticationAPI 
2025-04-09 16:14:20.4978 INFO Application started. Press Ctrl+C to shut down. 
2025-04-09 16:14:20.5465 INFO Hosting environment: Development 
2025-04-09 16:14:20.5484 INFO Content root path: C:\Users\aaithamou\source\repos\AuthenticationService\AuthenticationAPI 
2025-04-09 16:19:37.1140 INFO Application started. Press Ctrl+C to shut down. 
2025-04-09 16:19:37.1528 INFO Hosting environment: Development 
2025-04-09 16:19:37.1528 INFO Content root path: C:\Users\aaithamou\source\repos\AuthenticationService\AuthenticationAPI 
2025-04-09 16:21:48.2883 INFO Application started. Press Ctrl+C to shut down. 
2025-04-09 16:21:48.3419 INFO Hosting environment: Development 
2025-04-09 16:21:48.3444 INFO Content root path: C:\Users\aaithamou\source\repos\AuthenticationService\AuthenticationAPI 
2025-04-09 16:25:06.1057 INFO Application started. Press Ctrl+C to shut down. 
2025-04-09 16:25:06.1624 INFO Hosting environment: Development 
2025-04-09 16:25:06.1654 INFO Content root path: C:\Users\aaithamou\source\repos\AuthenticationService\AuthenticationAPI 
2025-04-09 16:27:10.8019 INFO Application started. Press Ctrl+C to shut down. 
2025-04-09 16:27:10.8712 INFO Hosting environment: Development 
2025-04-09 16:27:10.8712 INFO Content root path: C:\Users\aaithamou\source\repos\AuthenticationService\AuthenticationAPI 
2025-04-09 16:29:44.6517 INFO Application started. Press Ctrl+C to shut down. 
2025-04-09 16:29:44.7182 INFO Hosting environment: Development 
2025-04-09 16:29:44.7209 INFO Content root path: C:\Users\aaithamou\source\repos\AuthenticationService\AuthenticationAPI 
2025-04-09 16:35:30.5797 INFO Application started. Press Ctrl+C to shut down. 
2025-04-09 16:35:30.6501 INFO Hosting environment: Development 
2025-04-09 16:35:30.6501 INFO Content root path: C:\Users\aaithamou\source\repos\AuthenticationService\AuthenticationAPI 
2025-04-09 16:38:01.5813 INFO Application started. Press Ctrl+C to shut down. 
2025-04-09 16:38:01.6279 INFO Hosting environment: Development 
2025-04-09 16:38:01.6279 INFO Content root path: C:\Users\aaithamou\source\repos\AuthenticationService\AuthenticationAPI 
2025-04-09 16:38:40.3672 INFO Executed DbCommand (60ms) [Parameters=[@__username_0='?' (Size = 4000)], CommandType='Text', CommandTimeout='30']
SELECT TOP(1) [u].[Id], [u].[Email], [u].[PasswordHash], [u].[Role], [u].[Username]
FROM [Users] AS [u]
WHERE [u].[Username] = @__username_0 
2025-04-09 16:38:40.6416 INFO Executed DbCommand (2ms) [Parameters=[@__username_0='?' (Size = 4000)], CommandType='Text', CommandTimeout='30']
SELECT TOP(1) [u].[Id], [u].[Email], [u].[PasswordHash], [u].[Role], [u].[Username]
FROM [Users] AS [u]
WHERE [u].[Username] = @__username_0 
2025-04-09 16:43:03.8043 INFO Application started. Press Ctrl+C to shut down. 
2025-04-09 16:43:03.8440 INFO Hosting environment: Development 
2025-04-09 16:43:03.8440 INFO Content root path: C:\Users\aaithamou\source\repos\AuthenticationService\AuthenticationAPI 
2025-04-09 16:43:31.5879 INFO Executed DbCommand (55ms) [Parameters=[@__username_0='?' (Size = 4000)], CommandType='Text', CommandTimeout='30']
SELECT TOP(1) [u].[Id], [u].[Email], [u].[PasswordHash], [u].[Role], [u].[Username]
FROM [Users] AS [u]
WHERE [u].[Username] = @__username_0 
2025-04-09 16:43:31.8276 INFO Executed DbCommand (1ms) [Parameters=[@__username_0='?' (Size = 4000)], CommandType='Text', CommandTimeout='30']
SELECT TOP(1) [u].[Id], [u].[Email], [u].[PasswordHash], [u].[Role], [u].[Username]
FROM [Users] AS [u]
WHERE [u].[Username] = @__username_0 
2025-04-09 22:11:57.6209 INFO Application started. Press Ctrl+C to shut down. 
2025-04-09 22:11:57.6991 INFO Hosting environment: Development 
2025-04-09 22:11:57.6991 INFO Content root path: C:\Users\aaithamou\source\repos\AuthenticationService\AuthenticationAPI 
2025-04-09 22:12:40.6185 INFO Executed DbCommand (138ms) [Parameters=[@__username_0='?' (Size = 4000)], CommandType='Text', CommandTimeout='30']
SELECT TOP(1) [u].[Id], [u].[Email], [u].[PasswordHash], [u].[Role], [u].[Username]
FROM [Users] AS [u]
WHERE [u].[Username] = @__username_0 
2025-04-09 22:14:29.6159 INFO Executed DbCommand (20ms) [Parameters=[@__username_0='?' (Size = 4000)], CommandType='Text', CommandTimeout='30']
SELECT TOP(1) [u].[Id], [u].[Email], [u].[PasswordHash], [u].[Role], [u].[Username]
FROM [Users] AS [u]
WHERE [u].[Username] = @__username_0 
2025-04-09 22:23:38.5134 INFO Application started. Press Ctrl+C to shut down. 
2025-04-09 22:23:38.6106 INFO Hosting environment: Development 
2025-04-09 22:23:38.6106 INFO Content root path: C:\Users\aaithamou\source\repos\AuthenticationService\AuthenticationAPI 
2025-04-09 22:31:03.7120 INFO Application started. Press Ctrl+C to shut down. 
2025-04-09 22:31:03.7782 INFO Hosting environment: Development 
2025-04-09 22:31:03.7782 INFO Content root path: C:\Users\aaithamou\source\repos\AuthenticationService\AuthenticationAPI 
2025-04-09 22:31:48.7677 INFO Executed DbCommand (109ms) [Parameters=[@__username_0='?' (Size = 4000)], CommandType='Text', CommandTimeout='30']
SELECT TOP(1) [u].[Id], [u].[Email], [u].[PasswordHash], [u].[Role], [u].[Username]
FROM [Users] AS [u]
WHERE [u].[Username] = @__username_0 
2025-04-09 22:33:45.9212 INFO Executed DbCommand (109ms) [Parameters=[@__username_0='?' (Size = 4000)], CommandType='Text', CommandTimeout='30']
SELECT TOP(1) [u].[Id], [u].[Email], [u].[PasswordHash], [u].[Role], [u].[Username]
FROM [Users] AS [u]
WHERE [u].[Username] = @__username_0 
2025-04-09 22:34:13.2906 INFO Application started. Press Ctrl+C to shut down. 
2025-04-09 22:34:13.3523 INFO Hosting environment: Development 
2025-04-09 22:34:13.3523 INFO Content root path: C:\Users\aaithamou\source\repos\AuthenticationService\AuthenticationAPI 
2025-04-09 22:34:50.6255 INFO Executed DbCommand (136ms) [Parameters=[@__username_0='?' (Size = 4000)], CommandType='Text', CommandTimeout='30']
SELECT TOP(1) [u].[Id], [u].[Email], [u].[PasswordHash], [u].[Role], [u].[Username]
FROM [Users] AS [u]
WHERE [u].[Username] = @__username_0 
2025-04-09 22:39:37.0594 INFO Application started. Press Ctrl+C to shut down. 
2025-04-09 22:39:37.1399 INFO Hosting environment: Development 
2025-04-09 22:39:37.1399 INFO Content root path: C:\Users\aaithamou\source\repos\AuthenticationService\AuthenticationAPI 
2025-04-09 22:40:13.9104 INFO Executed DbCommand (107ms) [Parameters=[@__username_0='?' (Size = 4000)], CommandType='Text', CommandTimeout='30']
SELECT TOP(1) [u].[Id], [u].[Email], [u].[PasswordHash], [u].[Role], [u].[Username]
FROM [Users] AS [u]
WHERE [u].[Username] = @__username_0 
2025-04-09 22:41:29.7024 INFO Executed DbCommand (18ms) [Parameters=[@__username_0='?' (Size = 4000)], CommandType='Text', CommandTimeout='30']
SELECT TOP(1) [u].[Id], [u].[Email], [u].[PasswordHash], [u].[Role], [u].[Username]
FROM [Users] AS [u]
WHERE [u].[Username] = @__username_0 
2025-04-09 22:43:08.4403 INFO Application started. Press Ctrl+C to shut down. 
2025-04-09 22:43:08.5345 INFO Hosting environment: Development 
2025-04-09 22:43:08.5380 INFO Content root path: C:\Users\aaithamou\source\repos\AuthenticationService\AuthenticationAPI 
2025-04-09 22:44:23.2122 INFO Executed DbCommand (134ms) [Parameters=[@__username_0='?' (Size = 4000)], CommandType='Text', CommandTimeout='30']
SELECT TOP(1) [u].[Id], [u].[Email], [u].[PasswordHash], [u].[Role], [u].[Username]
FROM [Users] AS [u]
WHERE [u].[Username] = @__username_0 
2025-04-09 23:27:34.8684 INFO Application started. Press Ctrl+C to shut down. 
2025-04-09 23:27:34.9613 INFO Hosting environment: Development 
2025-04-09 23:27:34.9613 INFO Content root path: C:\Users\aaithamou\source\repos\AuthenticationService\AuthenticationAPI 
2025-04-09 23:29:06.9049 INFO Application started. Press Ctrl+C to shut down. 
2025-04-09 23:29:07.0583 INFO Hosting environment: Development 
2025-04-09 23:29:07.0583 INFO Content root path: C:\Users\aaithamou\source\repos\AuthenticationService\AuthenticationAPI 
2025-04-09 23:31:01.7353 INFO Application started. Press Ctrl+C to shut down. 
2025-04-09 23:31:01.8345 INFO Hosting environment: Development 
2025-04-09 23:31:01.8345 INFO Content root path: C:\Users\aaithamou\source\repos\AuthenticationService\AuthenticationAPI 
2025-04-09 23:32:03.7260 INFO Executed DbCommand (119ms) [Parameters=[@__username_0='?' (Size = 4000)], CommandType='Text', CommandTimeout='30']
SELECT TOP(1) [u].[Id], [u].[Email], [u].[PasswordHash], [u].[Role], [u].[Username]
FROM [Users] AS [u]
WHERE [u].[Username] = @__username_0 
2025-04-09 23:37:13.8438 INFO Application started. Press Ctrl+C to shut down. 
2025-04-09 23:37:13.8836 INFO Hosting environment: Development 
2025-04-09 23:37:13.8836 INFO Content root path: C:\Users\aaithamou\source\repos\AuthenticationService\AuthenticationAPI 
