2025-04-14 09:38:15.2281 INFO Application started. Press Ctrl+C to shut down. 
2025-04-14 09:38:15.3002 INFO Hosting environment: Development 
2025-04-14 09:38:15.3002 INFO Content root path: C:\Users\aaithamou\source\repos\AuthenticationService\AuthenticationService\AuthenticationAPI 
2025-04-14 09:39:37.2859 INFO Executed DbCommand (69ms) [Parameters=[@__username_0='?' (Size = 4000)], CommandType='Text', CommandTimeout='30']
SELECT TOP(1) [u].[Id], [u].[Email], [u].[PasswordHash], [u].[Role], [u].[Username]
FROM [Users] AS [u]
WHERE [u].[Username] = @__username_0 
2025-04-14 09:40:14.4495 INFO Executed DbCommand (45ms) [Parameters=[@__username_0='?' (Size = 4000)], CommandType='Text', CommandTimeout='30']
SELECT TOP(1) [u].[Id], [u].[Email], [u].[PasswordHash], [u].[Role], [u].[Username]
FROM [Users] AS [u]
WHERE [u].[Username] = @__username_0 
2025-04-14 10:16:15.1997 INFO Application started. Press Ctrl+C to shut down. 
2025-04-14 10:16:15.3238 INFO Hosting environment: Development 
2025-04-14 10:16:15.3288 INFO Content root path: C:\Users\aaithamou\source\repos\AuthenticationService\AuthenticationService\AuthenticationAPI 
2025-04-14 10:21:41.3482 INFO Application started. Press Ctrl+C to shut down. 
2025-04-14 10:21:41.4326 INFO Hosting environment: Development 
2025-04-14 10:21:41.4326 INFO Content root path: C:\Users\aaithamou\source\repos\AuthenticationService\AuthenticationService\AuthenticationAPI 
2025-04-14 10:29:39.4825 INFO Application started. Press Ctrl+C to shut down. 
2025-04-14 10:29:39.5918 INFO Hosting environment: Development 
2025-04-14 10:29:39.5958 INFO Content root path: C:\Users\aaithamou\source\repos\AuthenticationService\AuthenticationService\AuthenticationAPI 
2025-04-14 10:31:57.7549 INFO Executed DbCommand (144ms) [Parameters=[@__username_0='?' (Size = 4000)], CommandType='Text', CommandTimeout='30']
SELECT TOP(1) [u].[Id], [u].[Email], [u].[PasswordHash], [u].[Role], [u].[Username]
FROM [Users] AS [u]
WHERE [u].[Username] = @__username_0 
2025-04-14 10:33:41.9640 INFO Application started. Press Ctrl+C to shut down. 
2025-04-14 10:33:42.0691 INFO Hosting environment: Development 
2025-04-14 10:33:42.0691 INFO Content root path: C:\Users\aaithamou\source\repos\AuthenticationService\AuthenticationService\AuthenticationAPI 
2025-04-14 10:51:47.9528 INFO Application started. Press Ctrl+C to shut down. 
2025-04-14 10:51:48.0561 INFO Hosting environment: Development 
2025-04-14 10:51:48.0561 INFO Content root path: C:\Users\aaithamou\source\repos\AuthenticationService\AuthenticationService\AuthenticationAPI 
2025-04-14 11:14:34.4766 INFO Application started. Press Ctrl+C to shut down. 
2025-04-14 11:14:34.5361 INFO Hosting environment: Development 
2025-04-14 11:14:34.5361 INFO Content root path: C:\Users\aaithamou\source\repos\AuthenticationService\AuthenticationService\AuthenticationAPI 
2025-04-14 11:15:12.9108 ERROR An unhandled exception has occurred while executing the request. System.InvalidOperationException: The service collection cannot be modified because it is read-only.
   at Microsoft.Extensions.DependencyInjection.ServiceCollection.ThrowReadOnlyException()
   at Microsoft.Extensions.DependencyInjection.ServiceCollection.System.Collections.Generic.ICollection<Microsoft.Extensions.DependencyInjection.ServiceDescriptor>.Add(ServiceDescriptor item)
   at Microsoft.Extensions.DependencyInjection.ServiceCollectionServiceExtensions.AddSingleton(IServiceCollection services, Type serviceType, Object implementationInstance)
   at Microsoft.Extensions.DependencyInjection.OptionsServiceCollectionExtensions.Configure[TOptions](IServiceCollection services, String name, Action`1 configureOptions)
   at Microsoft.Extensions.DependencyInjection.SwaggerGenServiceCollectionExtensions.AddSwaggerGen(IServiceCollection services, Action`1 setupAction)
   at Program.<>c__DisplayClass0_0.<<Main>$>b__3(SwaggerGenOptions c) in C:\Users\aaithamou\source\repos\AuthenticationService\AuthenticationService\AuthenticationAPI\Program.cs:line 57
   at Microsoft.Extensions.Options.OptionsFactory`1.Create(String name)
   at Microsoft.Extensions.Options.UnnamedOptionsManager`1.get_Value()
   at Swashbuckle.AspNetCore.SwaggerGen.ConfigureSwaggerGeneratorOptions..ctor(IOptions`1 swaggerGenOptionsAccessor, IServiceProvider serviceProvider, IWebHostEnvironment hostingEnv)
   at InvokeStub_ConfigureSwaggerGeneratorOptions..ctor(Object, Span`1)
   at System.Reflection.MethodBaseInvoker.InvokeWithFewArgs(Object obj, BindingFlags invokeAttr, Binder binder, Object[] parameters, CultureInfo culture)
   at System.Reflection.RuntimeConstructorInfo.Invoke(BindingFlags invokeAttr, Binder binder, Object[] parameters, CultureInfo culture)
   at Microsoft.Extensions.DependencyInjection.ServiceLookup.CallSiteRuntimeResolver.VisitConstructor(ConstructorCallSite constructorCallSite, RuntimeResolverContext context)
   at Microsoft.Extensions.DependencyInjection.ServiceLookup.CallSiteVisitor`2.VisitCallSiteMain(ServiceCallSite callSite, TArgument argument)
   at Microsoft.Extensions.DependencyInjection.ServiceLookup.CallSiteRuntimeResolver.VisitDisposeCache(ServiceCallSite transientCallSite, RuntimeResolverContext context)
   at Microsoft.Extensions.DependencyInjection.ServiceLookup.CallSiteVisitor`2.VisitCallSite(ServiceCallSite callSite, TArgument argument)
   at Microsoft.Extensions.DependencyInjection.ServiceLookup.CallSiteRuntimeResolver.VisitIEnumerable(IEnumerableCallSite enumerableCallSite, RuntimeResolverContext context)
   at Microsoft.Extensions.DependencyInjection.ServiceLookup.CallSiteVisitor`2.VisitCallSiteMain(ServiceCallSite callSite, TArgument argument)
   at Microsoft.Extensions.DependencyInjection.ServiceLookup.CallSiteVisitor`2.VisitCallSite(ServiceCallSite callSite, TArgument argument)
   at Microsoft.Extensions.DependencyInjection.ServiceLookup.CallSiteRuntimeResolver.VisitConstructor(ConstructorCallSite constructorCallSite, RuntimeResolverContext context)
   at Microsoft.Extensions.DependencyInjection.ServiceLookup.CallSiteVisitor`2.VisitCallSiteMain(ServiceCallSite callSite, TArgument argument)
   at Microsoft.Extensions.DependencyInjection.ServiceLookup.CallSiteRuntimeResolver.VisitDisposeCache(ServiceCallSite transientCallSite, RuntimeResolverContext context)
   at Microsoft.Extensions.DependencyInjection.ServiceLookup.CallSiteVisitor`2.VisitCallSite(ServiceCallSite callSite, TArgument argument)
   at Microsoft.Extensions.DependencyInjection.ServiceLookup.CallSiteRuntimeResolver.VisitConstructor(ConstructorCallSite constructorCallSite, RuntimeResolverContext context)
   at Microsoft.Extensions.DependencyInjection.ServiceLookup.CallSiteVisitor`2.VisitCallSiteMain(ServiceCallSite callSite, TArgument argument)
   at Microsoft.Extensions.DependencyInjection.ServiceLookup.CallSiteRuntimeResolver.VisitRootCache(ServiceCallSite callSite, RuntimeResolverContext context)
   at Microsoft.Extensions.DependencyInjection.ServiceLookup.CallSiteVisitor`2.VisitCallSite(ServiceCallSite callSite, TArgument argument)
   at Microsoft.Extensions.DependencyInjection.ServiceLookup.CallSiteRuntimeResolver.Resolve(ServiceCallSite callSite, ServiceProviderEngineScope scope)
   at Microsoft.Extensions.DependencyInjection.ServiceProvider.CreateServiceAccessor(ServiceIdentifier serviceIdentifier)
   at System.Collections.Concurrent.ConcurrentDictionary`2.GetOrAdd(TKey key, Func`2 valueFactory)
   at Microsoft.Extensions.DependencyInjection.ServiceProvider.GetService(ServiceIdentifier serviceIdentifier, ServiceProviderEngineScope serviceProviderEngineScope)
   at Microsoft.Extensions.DependencyInjection.ServiceLookup.ServiceProviderEngineScope.GetService(Type serviceType)
   at Microsoft.Extensions.DependencyInjection.ServiceProviderServiceExtensions.GetRequiredService(IServiceProvider provider, Type serviceType)
   at Microsoft.Extensions.DependencyInjection.ServiceProviderServiceExtensions.GetRequiredService[T](IServiceProvider provider)
   at Microsoft.Extensions.DependencyInjection.SwaggerGenServiceCollectionExtensions.<>c.<AddSwaggerGen>b__0_3(IServiceProvider s)
   at Microsoft.Extensions.DependencyInjection.ServiceLookup.CallSiteVisitor`2.VisitCallSiteMain(ServiceCallSite callSite, TArgument argument)
   at Microsoft.Extensions.DependencyInjection.ServiceLookup.CallSiteRuntimeResolver.VisitDisposeCache(ServiceCallSite transientCallSite, RuntimeResolverContext context)
   at Microsoft.Extensions.DependencyInjection.ServiceLookup.CallSiteVisitor`2.VisitCallSite(ServiceCallSite callSite, TArgument argument)
   at Microsoft.Extensions.DependencyInjection.ServiceLookup.CallSiteRuntimeResolver.VisitConstructor(ConstructorCallSite constructorCallSite, RuntimeResolverContext context)
   at Microsoft.Extensions.DependencyInjection.ServiceLookup.CallSiteVisitor`2.VisitCallSiteMain(ServiceCallSite callSite, TArgument argument)
   at Microsoft.Extensions.DependencyInjection.ServiceLookup.CallSiteRuntimeResolver.VisitDisposeCache(ServiceCallSite transientCallSite, RuntimeResolverContext context)
   at Microsoft.Extensions.DependencyInjection.ServiceLookup.CallSiteVisitor`2.VisitCallSite(ServiceCallSite callSite, TArgument argument)
   at Microsoft.Extensions.DependencyInjection.ServiceLookup.CallSiteRuntimeResolver.Resolve(ServiceCallSite callSite, ServiceProviderEngineScope scope)
   at Microsoft.Extensions.DependencyInjection.ServiceLookup.DynamicServiceProviderEngine.<>c__DisplayClass2_0.<RealizeService>b__0(ServiceProviderEngineScope scope)
   at Microsoft.Extensions.DependencyInjection.ServiceProvider.GetService(ServiceIdentifier serviceIdentifier, ServiceProviderEngineScope serviceProviderEngineScope)
   at Microsoft.Extensions.DependencyInjection.ServiceLookup.ServiceProviderEngineScope.GetService(Type serviceType)
   at Microsoft.Extensions.DependencyInjection.ServiceProviderServiceExtensions.GetRequiredService(IServiceProvider provider, Type serviceType)
   at Microsoft.Extensions.DependencyInjection.ServiceProviderServiceExtensions.GetRequiredService[T](IServiceProvider provider)
   at Microsoft.Extensions.DependencyInjection.SwaggerGenServiceCollectionExtensions.<>c.<AddSwaggerGen>b__0_1(IServiceProvider s)
   at Microsoft.Extensions.DependencyInjection.ServiceLookup.CallSiteVisitor`2.VisitCallSiteMain(ServiceCallSite callSite, TArgument argument)
   at Microsoft.Extensions.DependencyInjection.ServiceLookup.CallSiteRuntimeResolver.VisitDisposeCache(ServiceCallSite transientCallSite, RuntimeResolverContext context)
   at Microsoft.Extensions.DependencyInjection.ServiceLookup.CallSiteVisitor`2.VisitCallSite(ServiceCallSite callSite, TArgument argument)
   at Microsoft.Extensions.DependencyInjection.ServiceLookup.CallSiteRuntimeResolver.Resolve(ServiceCallSite callSite, ServiceProviderEngineScope scope)
   at Microsoft.Extensions.DependencyInjection.ServiceLookup.DynamicServiceProviderEngine.<>c__DisplayClass2_0.<RealizeService>b__0(ServiceProviderEngineScope scope)
   at Microsoft.Extensions.DependencyInjection.ServiceProvider.GetService(ServiceIdentifier serviceIdentifier, ServiceProviderEngineScope serviceProviderEngineScope)
   at Microsoft.Extensions.DependencyInjection.ServiceLookup.ServiceProviderEngineScope.GetService(Type serviceType)
   at lambda_method2(Closure, Object, HttpContext, IServiceProvider)
   at Microsoft.AspNetCore.Diagnostics.DeveloperExceptionPageMiddlewareImpl.Invoke(HttpContext context)
2025-04-14 11:16:36.1626 ERROR An unhandled exception has occurred while executing the request. System.InvalidOperationException: The service collection cannot be modified because it is read-only.
   at Microsoft.Extensions.DependencyInjection.ServiceCollection.ThrowReadOnlyException()
   at Microsoft.Extensions.DependencyInjection.ServiceCollection.System.Collections.Generic.ICollection<Microsoft.Extensions.DependencyInjection.ServiceDescriptor>.Add(ServiceDescriptor item)
   at Microsoft.Extensions.DependencyInjection.ServiceCollectionServiceExtensions.AddSingleton(IServiceCollection services, Type serviceType, Object implementationInstance)
   at Microsoft.Extensions.DependencyInjection.OptionsServiceCollectionExtensions.Configure[TOptions](IServiceCollection services, String name, Action`1 configureOptions)
   at Microsoft.Extensions.DependencyInjection.SwaggerGenServiceCollectionExtensions.AddSwaggerGen(IServiceCollection services, Action`1 setupAction)
   at Program.<>c__DisplayClass0_0.<<Main>$>b__3(SwaggerGenOptions c) in C:\Users\aaithamou\source\repos\AuthenticationService\AuthenticationService\AuthenticationAPI\Program.cs:line 57
   at Microsoft.Extensions.Options.OptionsFactory`1.Create(String name)
   at Microsoft.Extensions.Options.UnnamedOptionsManager`1.get_Value()
   at Swashbuckle.AspNetCore.SwaggerGen.ConfigureSwaggerGeneratorOptions..ctor(IOptions`1 swaggerGenOptionsAccessor, IServiceProvider serviceProvider, IWebHostEnvironment hostingEnv)
   at InvokeStub_ConfigureSwaggerGeneratorOptions..ctor(Object, Span`1)
   at System.Reflection.MethodBaseInvoker.InvokeWithFewArgs(Object obj, BindingFlags invokeAttr, Binder binder, Object[] parameters, CultureInfo culture)
   at System.Reflection.RuntimeConstructorInfo.Invoke(BindingFlags invokeAttr, Binder binder, Object[] parameters, CultureInfo culture)
   at Microsoft.Extensions.DependencyInjection.ServiceLookup.CallSiteRuntimeResolver.VisitConstructor(ConstructorCallSite constructorCallSite, RuntimeResolverContext context)
   at Microsoft.Extensions.DependencyInjection.ServiceLookup.CallSiteRuntimeResolver.VisitDisposeCache(ServiceCallSite transientCallSite, RuntimeResolverContext context)
   at Microsoft.Extensions.DependencyInjection.ServiceLookup.CallSiteVisitor`2.VisitCallSite(ServiceCallSite callSite, TArgument argument)
   at Microsoft.Extensions.DependencyInjection.ServiceLookup.CallSiteRuntimeResolver.VisitIEnumerable(IEnumerableCallSite enumerableCallSite, RuntimeResolverContext context)
   at Microsoft.Extensions.DependencyInjection.ServiceLookup.CallSiteVisitor`2.VisitCallSite(ServiceCallSite callSite, TArgument argument)
   at Microsoft.Extensions.DependencyInjection.ServiceLookup.CallSiteRuntimeResolver.VisitConstructor(ConstructorCallSite constructorCallSite, RuntimeResolverContext context)
   at Microsoft.Extensions.DependencyInjection.ServiceLookup.CallSiteRuntimeResolver.VisitDisposeCache(ServiceCallSite transientCallSite, RuntimeResolverContext context)
   at Microsoft.Extensions.DependencyInjection.ServiceLookup.CallSiteVisitor`2.VisitCallSite(ServiceCallSite callSite, TArgument argument)
   at Microsoft.Extensions.DependencyInjection.ServiceLookup.CallSiteRuntimeResolver.VisitConstructor(ConstructorCallSite constructorCallSite, RuntimeResolverContext context)
   at Microsoft.Extensions.DependencyInjection.ServiceLookup.CallSiteRuntimeResolver.VisitRootCache(ServiceCallSite callSite, RuntimeResolverContext context)
   at Microsoft.Extensions.DependencyInjection.ServiceLookup.CallSiteVisitor`2.VisitCallSite(ServiceCallSite callSite, TArgument argument)
   at Microsoft.Extensions.DependencyInjection.ServiceLookup.CallSiteRuntimeResolver.Resolve(ServiceCallSite callSite, ServiceProviderEngineScope scope)
   at Microsoft.Extensions.DependencyInjection.ServiceProvider.CreateServiceAccessor(ServiceIdentifier serviceIdentifier)
   at System.Collections.Concurrent.ConcurrentDictionary`2.GetOrAdd(TKey key, Func`2 valueFactory)
   at Microsoft.Extensions.DependencyInjection.ServiceProvider.GetService(ServiceIdentifier serviceIdentifier, ServiceProviderEngineScope serviceProviderEngineScope)
   at Microsoft.Extensions.DependencyInjection.ServiceLookup.ServiceProviderEngineScope.GetService(Type serviceType)
   at Microsoft.Extensions.DependencyInjection.ServiceProviderServiceExtensions.GetRequiredService(IServiceProvider provider, Type serviceType)
   at Microsoft.Extensions.DependencyInjection.ServiceProviderServiceExtensions.GetRequiredService[T](IServiceProvider provider)
   at Microsoft.Extensions.DependencyInjection.SwaggerGenServiceCollectionExtensions.<>c.<AddSwaggerGen>b__0_3(IServiceProvider s)
   at Microsoft.Extensions.DependencyInjection.ServiceLookup.CallSiteRuntimeResolver.VisitDisposeCache(ServiceCallSite transientCallSite, RuntimeResolverContext context)
   at Microsoft.Extensions.DependencyInjection.ServiceLookup.CallSiteVisitor`2.VisitCallSite(ServiceCallSite callSite, TArgument argument)
   at Microsoft.Extensions.DependencyInjection.ServiceLookup.CallSiteRuntimeResolver.VisitConstructor(ConstructorCallSite constructorCallSite, RuntimeResolverContext context)
   at Microsoft.Extensions.DependencyInjection.ServiceLookup.CallSiteRuntimeResolver.VisitDisposeCache(ServiceCallSite transientCallSite, RuntimeResolverContext context)
   at Microsoft.Extensions.DependencyInjection.ServiceLookup.CallSiteVisitor`2.VisitCallSite(ServiceCallSite callSite, TArgument argument)
   at Microsoft.Extensions.DependencyInjection.ServiceLookup.CallSiteRuntimeResolver.Resolve(ServiceCallSite callSite, ServiceProviderEngineScope scope)
   at Microsoft.Extensions.DependencyInjection.ServiceLookup.DynamicServiceProviderEngine.<>c__DisplayClass2_0.<RealizeService>b__0(ServiceProviderEngineScope scope)
   at Microsoft.Extensions.DependencyInjection.ServiceProvider.GetService(ServiceIdentifier serviceIdentifier, ServiceProviderEngineScope serviceProviderEngineScope)
   at Microsoft.Extensions.DependencyInjection.ServiceLookup.ServiceProviderEngineScope.GetService(Type serviceType)
   at Microsoft.Extensions.DependencyInjection.ServiceProviderServiceExtensions.GetRequiredService(IServiceProvider provider, Type serviceType)
   at Microsoft.Extensions.DependencyInjection.ServiceProviderServiceExtensions.GetRequiredService[T](IServiceProvider provider)
   at Microsoft.Extensions.DependencyInjection.SwaggerGenServiceCollectionExtensions.<>c.<AddSwaggerGen>b__0_1(IServiceProvider s)
   at Microsoft.Extensions.DependencyInjection.ServiceLookup.CallSiteRuntimeResolver.VisitDisposeCache(ServiceCallSite transientCallSite, RuntimeResolverContext context)
   at Microsoft.Extensions.DependencyInjection.ServiceLookup.CallSiteVisitor`2.VisitCallSite(ServiceCallSite callSite, TArgument argument)
   at Microsoft.Extensions.DependencyInjection.ServiceLookup.CallSiteRuntimeResolver.Resolve(ServiceCallSite callSite, ServiceProviderEngineScope scope)
   at Microsoft.Extensions.DependencyInjection.ServiceLookup.DynamicServiceProviderEngine.<>c__DisplayClass2_0.<RealizeService>b__0(ServiceProviderEngineScope scope)
   at Microsoft.Extensions.DependencyInjection.ServiceProvider.GetService(ServiceIdentifier serviceIdentifier, ServiceProviderEngineScope serviceProviderEngineScope)
   at Microsoft.Extensions.DependencyInjection.ServiceLookup.ServiceProviderEngineScope.GetService(Type serviceType)
   at lambda_method2(Closure, Object, HttpContext, IServiceProvider)
   at Microsoft.AspNetCore.Diagnostics.DeveloperExceptionPageMiddlewareImpl.Invoke(HttpContext context)
2025-04-14 11:17:12.0868 INFO Application started. Press Ctrl+C to shut down. 
2025-04-14 11:17:12.1346 INFO Hosting environment: Development 
2025-04-14 11:17:12.1346 INFO Content root path: C:\Users\aaithamou\source\repos\AuthenticationService\AuthenticationService\AuthenticationAPI 
2025-04-14 11:22:53.5712 INFO Application started. Press Ctrl+C to shut down. 
2025-04-14 11:22:53.6626 INFO Hosting environment: Development 
2025-04-14 11:22:53.6626 INFO Content root path: C:\Users\aaithamou\source\repos\AuthenticationService\AuthenticationService\AuthenticationAPI 
2025-04-14 11:23:15.1946 INFO Executed DbCommand (49ms) [Parameters=[@__username_0='?' (Size = 4000)], CommandType='Text', CommandTimeout='30']
SELECT TOP(1) [u].[Id], [u].[Email], [u].[PasswordHash], [u].[Role], [u].[Username]
FROM [Users] AS [u]
WHERE [u].[Username] = @__username_0 
2025-04-14 11:24:03.3411 INFO Executed DbCommand (96ms) [Parameters=[], CommandType='Text', CommandTimeout='30']
SELECT [u].[Id], [u].[Email], [u].[PasswordHash], [u].[Role], [u].[Username]
FROM [Users] AS [u] 
2025-04-14 11:25:33.4468 INFO Executed DbCommand (14ms) [Parameters=[], CommandType='Text', CommandTimeout='30']
SELECT [u].[Id], [u].[Email], [u].[PasswordHash], [u].[Role], [u].[Username]
FROM [Users] AS [u] 
2025-04-14 11:27:00.4019 INFO Executed DbCommand (61ms) [Parameters=[], CommandType='Text', CommandTimeout='30']
SELECT [u].[Id], [u].[Email], [u].[PasswordHash], [u].[Role], [u].[Username]
FROM [Users] AS [u] 
2025-04-14 11:29:06.5349 INFO Executed DbCommand (48ms) [Parameters=[], CommandType='Text', CommandTimeout='30']
SELECT [u].[Id], [u].[Email], [u].[PasswordHash], [u].[Role], [u].[Username]
FROM [Users] AS [u] 
2025-04-14 11:31:57.9259 INFO Executed DbCommand (7ms) [Parameters=[], CommandType='Text', CommandTimeout='30']
SELECT [u].[Id], [u].[Email], [u].[PasswordHash], [u].[Role], [u].[Username]
FROM [Users] AS [u] 
2025-04-14 11:34:04.5676 INFO Application started. Press Ctrl+C to shut down. 
2025-04-14 11:34:04.6057 INFO Hosting environment: Development 
2025-04-14 11:34:04.6057 INFO Content root path: C:\Users\aaithamou\source\repos\AuthenticationService\AuthenticationService\AuthenticationAPI 
2025-04-14 11:34:34.9073 INFO Executed DbCommand (49ms) [Parameters=[], CommandType='Text', CommandTimeout='30']
SELECT [u].[Id], [u].[Email], [u].[PasswordHash], [u].[Role], [u].[Username]
FROM [Users] AS [u] 
2025-04-14 11:37:38.3727 INFO Application started. Press Ctrl+C to shut down. 
2025-04-14 11:37:38.4373 INFO Hosting environment: Development 
2025-04-14 11:37:38.4373 INFO Content root path: C:\Users\aaithamou\source\repos\AuthenticationService\AuthenticationService\AuthenticationAPI 
2025-04-14 11:37:50.8940 INFO Executed DbCommand (45ms) [Parameters=[], CommandType='Text', CommandTimeout='30']
SELECT [u].[Id], [u].[Email], [u].[PasswordHash], [u].[Role], [u].[Username]
FROM [Users] AS [u] 
2025-04-14 11:39:35.6457 INFO Executed DbCommand (113ms) [Parameters=[], CommandType='Text', CommandTimeout='30']
SELECT [u].[Id], [u].[Email], [u].[PasswordHash], [u].[Role], [u].[Username]
FROM [Users] AS [u] 
2025-04-14 11:42:59.8376 INFO Executed DbCommand (31ms) [Parameters=[@__username_0='?' (Size = 4000)], CommandType='Text', CommandTimeout='30']
SELECT TOP(1) [u].[Id], [u].[Email], [u].[PasswordHash], [u].[Role], [u].[Username]
FROM [Users] AS [u]
WHERE [u].[Username] = @__username_0 
2025-04-14 11:43:05.5402 INFO Executed DbCommand (1ms) [Parameters=[@__username_0='?' (Size = 4000)], CommandType='Text', CommandTimeout='30']
SELECT TOP(1) [u].[Id], [u].[Email], [u].[PasswordHash], [u].[Role], [u].[Username]
FROM [Users] AS [u]
WHERE [u].[Username] = @__username_0 
2025-04-14 11:44:32.2842 INFO Executed DbCommand (89ms) [Parameters=[], CommandType='Text', CommandTimeout='30']
SELECT [u].[Id], [u].[Email], [u].[PasswordHash], [u].[Role], [u].[Username]
FROM [Users] AS [u] 
2025-04-14 11:44:32.5307 INFO Executed DbCommand (9ms) [Parameters=[], CommandType='Text', CommandTimeout='30']
SELECT [u].[Id], [u].[Email], [u].[PasswordHash], [u].[Role], [u].[Username]
FROM [Users] AS [u] 
2025-04-14 11:46:26.3621 INFO Executed DbCommand (12ms) [Parameters=[], CommandType='Text', CommandTimeout='30']
SELECT [u].[Id], [u].[Email], [u].[PasswordHash], [u].[Role], [u].[Username]
FROM [Users] AS [u] 
2025-04-14 11:47:02.3713 INFO Application started. Press Ctrl+C to shut down. 
2025-04-14 11:47:02.4376 INFO Hosting environment: Development 
2025-04-14 11:47:02.4400 INFO Content root path: C:\Users\aaithamou\source\repos\AuthenticationService\AuthenticationService\AuthenticationAPI 
2025-04-14 11:48:23.8039 INFO Executed DbCommand (34ms) [Parameters=[], CommandType='Text', CommandTimeout='30']
SELECT [u].[Id], [u].[Email], [u].[PasswordHash], [u].[Role], [u].[Username]
FROM [Users] AS [u] 
2025-04-14 11:49:36.9864 INFO Application started. Press Ctrl+C to shut down. 
2025-04-14 11:49:37.0317 INFO Hosting environment: Development 
2025-04-14 11:49:37.0341 INFO Content root path: C:\Users\aaithamou\source\repos\AuthenticationService\AuthenticationService\AuthenticationAPI 
2025-04-14 11:50:49.5353 INFO Executed DbCommand (59ms) [Parameters=[], CommandType='Text', CommandTimeout='30']
SELECT [u].[Id], [u].[Email], [u].[PasswordHash], [u].[Role], [u].[Username]
FROM [Users] AS [u] 
2025-04-14 11:54:32.3140 INFO Executed DbCommand (14ms) [Parameters=[], CommandType='Text', CommandTimeout='30']
SELECT [u].[Id], [u].[Email], [u].[PasswordHash], [u].[Role], [u].[Username]
FROM [Users] AS [u] 
2025-04-14 11:55:04.0495 INFO Executed DbCommand (1ms) [Parameters=[], CommandType='Text', CommandTimeout='30']
SELECT [u].[Id], [u].[Email], [u].[PasswordHash], [u].[Role], [u].[Username]
FROM [Users] AS [u] 
2025-04-14 11:57:11.4529 INFO Executed DbCommand (17ms) [Parameters=[], CommandType='Text', CommandTimeout='30']
SELECT [u].[Id], [u].[Email], [u].[PasswordHash], [u].[Role], [u].[Username]
FROM [Users] AS [u] 
2025-04-14 11:59:31.1468 INFO Executed DbCommand (51ms) [Parameters=[], CommandType='Text', CommandTimeout='30']
SELECT [u].[Id], [u].[Email], [u].[PasswordHash], [u].[Role], [u].[Username]
FROM [Users] AS [u] 
2025-04-14 11:59:58.7020 INFO Executed DbCommand (9ms) [Parameters=[], CommandType='Text', CommandTimeout='30']
SELECT [u].[Id], [u].[Email], [u].[PasswordHash], [u].[Role], [u].[Username]
FROM [Users] AS [u] 
2025-04-14 12:00:15.7301 INFO Executed DbCommand (3ms) [Parameters=[], CommandType='Text', CommandTimeout='30']
SELECT [u].[Id], [u].[Email], [u].[PasswordHash], [u].[Role], [u].[Username]
FROM [Users] AS [u] 
2025-04-14 12:01:27.1210 INFO Application started. Press Ctrl+C to shut down. 
2025-04-14 12:01:27.1578 INFO Hosting environment: Development 
2025-04-14 12:01:27.1578 INFO Content root path: C:\Users\aaithamou\source\repos\AuthenticationService\AuthenticationService\AuthenticationAPI 
2025-04-14 12:01:44.6767 INFO Executed DbCommand (42ms) [Parameters=[], CommandType='Text', CommandTimeout='30']
SELECT [u].[Id], [u].[Email], [u].[PasswordHash], [u].[Role], [u].[Username]
FROM [Users] AS [u] 
2025-04-14 12:02:23.5480 INFO Executed DbCommand (114ms) [Parameters=[], CommandType='Text', CommandTimeout='30']
SELECT [u].[Id], [u].[Email], [u].[PasswordHash], [u].[Role], [u].[Username]
FROM [Users] AS [u] 
2025-04-14 12:06:36.3878 INFO Application started. Press Ctrl+C to shut down. 
2025-04-14 12:06:36.4397 INFO Hosting environment: Development 
2025-04-14 12:06:36.4397 INFO Content root path: C:\Users\aaithamou\source\repos\AuthenticationService\AuthenticationService\AuthenticationAPI 
2025-04-14 12:06:53.9980 INFO Executed DbCommand (50ms) [Parameters=[], CommandType='Text', CommandTimeout='30']
SELECT [u].[Id], [u].[Email], [u].[PasswordHash], [u].[Role], [u].[Username]
FROM [Users] AS [u] 
2025-04-14 12:09:07.3663 INFO Executed DbCommand (15ms) [Parameters=[], CommandType='Text', CommandTimeout='30']
SELECT [u].[Id], [u].[Email], [u].[PasswordHash], [u].[Role], [u].[Username]
FROM [Users] AS [u] 
2025-04-14 12:10:17.4859 INFO Application started. Press Ctrl+C to shut down. 
2025-04-14 12:10:17.5515 INFO Hosting environment: Development 
2025-04-14 12:10:17.5515 INFO Content root path: C:\Users\aaithamou\source\repos\AuthenticationService\AuthenticationService\AuthenticationAPI 
2025-04-14 12:10:57.3453 INFO Executed DbCommand (51ms) [Parameters=[], CommandType='Text', CommandTimeout='30']
SELECT [u].[Id], [u].[Email], [u].[PasswordHash], [u].[Role], [u].[Username]
FROM [Users] AS [u] 
2025-04-14 13:53:14.6257 INFO Executed DbCommand (29ms) [Parameters=[@__username_0='?' (Size = 4000)], CommandType='Text', CommandTimeout='30']
SELECT TOP(1) [u].[Id], [u].[Email], [u].[PasswordHash], [u].[Role], [u].[Username]
FROM [Users] AS [u]
WHERE [u].[Username] = @__username_0 
2025-04-14 13:53:16.8286 INFO Executed DbCommand (2ms) [Parameters=[], CommandType='Text', CommandTimeout='30']
SELECT [u].[Id], [u].[Email], [u].[PasswordHash], [u].[Role], [u].[Username]
FROM [Users] AS [u] 
2025-04-14 14:26:03.7116 INFO Application started. Press Ctrl+C to shut down. 
2025-04-14 14:26:03.8001 INFO Hosting environment: Development 
2025-04-14 14:26:03.8001 INFO Content root path: C:\Users\aaithamou\source\repos\AuthenticationService\AuthenticationService\AuthenticationAPI 
2025-04-14 14:26:24.9540 INFO Executed DbCommand (142ms) [Parameters=[], CommandType='Text', CommandTimeout='30']
SELECT [u].[Id], [u].[Email], [u].[PasswordHash], [u].[Role], [u].[Username]
FROM [Users] AS [u] 
2025-04-14 14:30:16.6871 INFO Application started. Press Ctrl+C to shut down. 
2025-04-14 14:30:16.7914 INFO Hosting environment: Development 
2025-04-14 14:30:16.7954 INFO Content root path: C:\Users\aaithamou\source\repos\AuthenticationService\AuthenticationService\AuthenticationAPI 
2025-04-14 14:30:48.5181 INFO Executed DbCommand (94ms) [Parameters=[], CommandType='Text', CommandTimeout='30']
SELECT [u].[Id], [u].[Email], [u].[PasswordHash], [u].[Role], [u].[Username]
FROM [Users] AS [u] 
2025-04-14 14:30:58.7320 INFO Executed DbCommand (84ms) [Parameters=[@__id_0='?' (DbType = Int32)], CommandType='Text', CommandTimeout='30']
SELECT TOP(1) [u].[Id], [u].[Email], [u].[PasswordHash], [u].[Role], [u].[Username]
FROM [Users] AS [u]
WHERE [u].[Id] = @__id_0 
2025-04-14 14:30:59.1193 INFO Executed DbCommand (9ms) [Parameters=[@p0='?' (DbType = Int32)], CommandType='Text', CommandTimeout='30']
SET IMPLICIT_TRANSACTIONS OFF;
SET NOCOUNT ON;
DELETE FROM [Users]
OUTPUT 1
WHERE [Id] = @p0; 
2025-04-14 14:31:03.3253 INFO Executed DbCommand (2ms) [Parameters=[], CommandType='Text', CommandTimeout='30']
SELECT [u].[Id], [u].[Email], [u].[PasswordHash], [u].[Role], [u].[Username]
FROM [Users] AS [u] 
2025-04-14 14:32:59.1912 INFO Executed DbCommand (24ms) [Parameters=[@__id_0='?' (DbType = Int32)], CommandType='Text', CommandTimeout='30']
SELECT TOP(1) [u].[Id], [u].[Email], [u].[PasswordHash], [u].[Role], [u].[Username]
FROM [Users] AS [u]
WHERE [u].[Id] = @__id_0 
2025-04-14 14:32:59.2112 INFO Executed DbCommand (13ms) [Parameters=[@p0='?' (DbType = Int32)], CommandType='Text', CommandTimeout='30']
SET IMPLICIT_TRANSACTIONS OFF;
SET NOCOUNT ON;
DELETE FROM [Users]
OUTPUT 1
WHERE [Id] = @p0; 
2025-04-14 14:32:59.3365 INFO Executed DbCommand (5ms) [Parameters=[], CommandType='Text', CommandTimeout='30']
SELECT [u].[Id], [u].[Email], [u].[PasswordHash], [u].[Role], [u].[Username]
FROM [Users] AS [u] 
2025-04-14 14:33:02.8191 INFO Executed DbCommand (4ms) [Parameters=[@__id_0='?' (DbType = Int32)], CommandType='Text', CommandTimeout='30']
SELECT TOP(1) [u].[Id], [u].[Email], [u].[PasswordHash], [u].[Role], [u].[Username]
FROM [Users] AS [u]
WHERE [u].[Id] = @__id_0 
2025-04-14 14:33:02.8289 INFO Executed DbCommand (4ms) [Parameters=[@p0='?' (DbType = Int32)], CommandType='Text', CommandTimeout='30']
SET IMPLICIT_TRANSACTIONS OFF;
SET NOCOUNT ON;
DELETE FROM [Users]
OUTPUT 1
WHERE [Id] = @p0; 
2025-04-14 14:33:02.8877 INFO Executed DbCommand (13ms) [Parameters=[], CommandType='Text', CommandTimeout='30']
SELECT [u].[Id], [u].[Email], [u].[PasswordHash], [u].[Role], [u].[Username]
FROM [Users] AS [u] 
2025-04-14 14:33:04.6572 INFO Executed DbCommand (2ms) [Parameters=[@__id_0='?' (DbType = Int32)], CommandType='Text', CommandTimeout='30']
SELECT TOP(1) [u].[Id], [u].[Email], [u].[PasswordHash], [u].[Role], [u].[Username]
FROM [Users] AS [u]
WHERE [u].[Id] = @__id_0 
2025-04-14 14:33:04.6572 INFO Executed DbCommand (8ms) [Parameters=[@p0='?' (DbType = Int32)], CommandType='Text', CommandTimeout='30']
SET IMPLICIT_TRANSACTIONS OFF;
SET NOCOUNT ON;
DELETE FROM [Users]
OUTPUT 1
WHERE [Id] = @p0; 
2025-04-14 14:33:04.7225 INFO Executed DbCommand (2ms) [Parameters=[], CommandType='Text', CommandTimeout='30']
SELECT [u].[Id], [u].[Email], [u].[PasswordHash], [u].[Role], [u].[Username]
FROM [Users] AS [u] 
2025-04-14 14:33:48.4194 INFO Executed DbCommand (24ms) [Parameters=[@__id_0='?' (DbType = Int32)], CommandType='Text', CommandTimeout='30']
SELECT TOP(1) [u].[Id], [u].[Email], [u].[PasswordHash], [u].[Role], [u].[Username]
FROM [Users] AS [u]
WHERE [u].[Id] = @__id_0 
2025-04-14 14:33:48.4398 INFO Executed DbCommand (14ms) [Parameters=[@p0='?' (DbType = Int32)], CommandType='Text', CommandTimeout='30']
SET IMPLICIT_TRANSACTIONS OFF;
SET NOCOUNT ON;
DELETE FROM [Users]
OUTPUT 1
WHERE [Id] = @p0; 
2025-04-14 14:33:48.5145 INFO Executed DbCommand (4ms) [Parameters=[], CommandType='Text', CommandTimeout='30']
SELECT [u].[Id], [u].[Email], [u].[PasswordHash], [u].[Role], [u].[Username]
FROM [Users] AS [u] 
2025-04-14 14:33:49.6441 INFO Executed DbCommand (2ms) [Parameters=[@__id_0='?' (DbType = Int32)], CommandType='Text', CommandTimeout='30']
SELECT TOP(1) [u].[Id], [u].[Email], [u].[PasswordHash], [u].[Role], [u].[Username]
FROM [Users] AS [u]
WHERE [u].[Id] = @__id_0 
2025-04-14 14:33:49.6685 INFO Executed DbCommand (5ms) [Parameters=[@p0='?' (DbType = Int32)], CommandType='Text', CommandTimeout='30']
SET IMPLICIT_TRANSACTIONS OFF;
SET NOCOUNT ON;
DELETE FROM [Users]
OUTPUT 1
WHERE [Id] = @p0; 
2025-04-14 14:33:49.6973 INFO Executed DbCommand (1ms) [Parameters=[], CommandType='Text', CommandTimeout='30']
SELECT [u].[Id], [u].[Email], [u].[PasswordHash], [u].[Role], [u].[Username]
FROM [Users] AS [u] 
2025-04-14 14:34:17.9467 INFO Executed DbCommand (2ms) [Parameters=[@__id_0='?' (DbType = Int32)], CommandType='Text', CommandTimeout='30']
SELECT TOP(1) [u].[Id], [u].[Email], [u].[PasswordHash], [u].[Role], [u].[Username]
FROM [Users] AS [u]
WHERE [u].[Id] = @__id_0 
2025-04-14 14:34:17.9726 INFO Executed DbCommand (5ms) [Parameters=[@p0='?' (DbType = Int32)], CommandType='Text', CommandTimeout='30']
SET IMPLICIT_TRANSACTIONS OFF;
SET NOCOUNT ON;
DELETE FROM [Users]
OUTPUT 1
WHERE [Id] = @p0; 
2025-04-14 14:34:18.0019 INFO Executed DbCommand (1ms) [Parameters=[], CommandType='Text', CommandTimeout='30']
SELECT [u].[Id], [u].[Email], [u].[PasswordHash], [u].[Role], [u].[Username]
FROM [Users] AS [u] 
2025-04-14 14:34:26.1356 INFO Executed DbCommand (2ms) [Parameters=[@__id_0='?' (DbType = Int32)], CommandType='Text', CommandTimeout='30']
SELECT TOP(1) [u].[Id], [u].[Email], [u].[PasswordHash], [u].[Role], [u].[Username]
FROM [Users] AS [u]
WHERE [u].[Id] = @__id_0 
2025-04-14 14:34:26.1473 INFO Executed DbCommand (7ms) [Parameters=[@p0='?' (DbType = Int32)], CommandType='Text', CommandTimeout='30']
SET IMPLICIT_TRANSACTIONS OFF;
SET NOCOUNT ON;
DELETE FROM [Users]
OUTPUT 1
WHERE [Id] = @p0; 
2025-04-14 14:34:26.1957 INFO Executed DbCommand (2ms) [Parameters=[], CommandType='Text', CommandTimeout='30']
SELECT [u].[Id], [u].[Email], [u].[PasswordHash], [u].[Role], [u].[Username]
FROM [Users] AS [u] 
2025-04-14 14:35:52.7881 INFO Executed DbCommand (18ms) [Parameters=[@__username_0='?' (Size = 4000)], CommandType='Text', CommandTimeout='30']
SELECT TOP(1) [u].[Id], [u].[Email], [u].[PasswordHash], [u].[Role], [u].[Username]
FROM [Users] AS [u]
WHERE [u].[Username] = @__username_0 
2025-04-14 14:36:00.1884 INFO Executed DbCommand (2ms) [Parameters=[@__username_0='?' (Size = 4000)], CommandType='Text', CommandTimeout='30']
SELECT TOP(1) [u].[Id], [u].[Email], [u].[PasswordHash], [u].[Role], [u].[Username]
FROM [Users] AS [u]
WHERE [u].[Username] = @__username_0 
