2025-04-11 12:09:42.7627 INFO Application started. Press Ctrl+C to shut down. 
2025-04-11 12:09:42.8784 INFO Hosting environment: Development 
2025-04-11 12:09:42.8784 INFO Content root path: C:\Users\aaithamou\source\repos\AuthenticationService\AuthenticationAPI 
2025-04-11 12:10:55.5733 INFO Executed DbCommand (155ms) [Parameters=[@__username_0='?' (Size = 4000)], CommandType='Text', CommandTimeout='30']
SELECT TOP(1) [u].[Id], [u].[Email], [u].[PasswordHash], [u].[Role], [u].[Username]
FROM [Users] AS [u]
WHERE [u].[Username] = @__username_0 
2025-04-11 12:10:55.6501 INFO Registering to the application... 
2025-04-11 12:10:56.5301 INFO Executed DbCommand (13ms) [Parameters=[@p0='?' (Size = 4000), @p1='?' (Size = 4000), @p2='?' (DbType = Int32), @p3='?' (Size = 4000)], CommandType='Text', CommandTimeout='30']
SET IMPLICIT_TRANSACTIONS OFF;
SET NOCOUNT ON;
INSERT INTO [Users] ([Email], [PasswordHash], [Role], [Username])
OUTPUT INSERTED.[Id]
VALUES (@p0, @p1, @p2, @p3); 
2025-04-11 12:28:12.8944 INFO Application started. Press Ctrl+C to shut down. 
2025-04-11 12:28:13.0622 INFO Hosting environment: Development 
2025-04-11 12:28:13.0622 INFO Content root path: C:\Users\aaithamou\source\repos\AuthenticationService\AuthenticationAPI 
2025-04-11 12:29:12.3912 INFO Executed DbCommand (138ms) [Parameters=[@__username_0='?' (Size = 4000)], CommandType='Text', CommandTimeout='30']
SELECT TOP(1) [u].[Id], [u].[Email], [u].[PasswordHash], [u].[Role], [u].[Username]
FROM [Users] AS [u]
WHERE [u].[Username] = @__username_0 
2025-04-11 12:29:12.4644 INFO Registering to the application... 
2025-04-11 12:29:13.2784 INFO Executed DbCommand (13ms) [Parameters=[@p0='?' (Size = 4000), @p1='?' (Size = 4000), @p2='?' (DbType = Int32), @p3='?' (Size = 4000)], CommandType='Text', CommandTimeout='30']
SET IMPLICIT_TRANSACTIONS OFF;
SET NOCOUNT ON;
INSERT INTO [Users] ([Email], [PasswordHash], [Role], [Username])
OUTPUT INSERTED.[Id]
VALUES (@p0, @p1, @p2, @p3); 
2025-04-11 12:32:02.5683 INFO Application started. Press Ctrl+C to shut down. 
2025-04-11 12:32:02.6485 INFO Hosting environment: Development 
2025-04-11 12:32:02.6485 INFO Content root path: C:\Users\aaithamou\source\repos\AuthenticationService\AuthenticationAPI 
2025-04-11 12:32:59.1443 INFO Executed DbCommand (157ms) [Parameters=[@__username_0='?' (Size = 4000)], CommandType='Text', CommandTimeout='30']
SELECT TOP(1) [u].[Id], [u].[Email], [u].[PasswordHash], [u].[Role], [u].[Username]
FROM [Users] AS [u]
WHERE [u].[Username] = @__username_0 
2025-04-11 12:33:27.8424 INFO Executed DbCommand (20ms) [Parameters=[@__username_0='?' (Size = 4000)], CommandType='Text', CommandTimeout='30']
SELECT TOP(1) [u].[Id], [u].[Email], [u].[PasswordHash], [u].[Role], [u].[Username]
FROM [Users] AS [u]
WHERE [u].[Username] = @__username_0 
2025-04-11 12:33:56.2973 INFO Executed DbCommand (17ms) [Parameters=[@__username_0='?' (Size = 4000)], CommandType='Text', CommandTimeout='30']
SELECT TOP(1) [u].[Id], [u].[Email], [u].[PasswordHash], [u].[Role], [u].[Username]
FROM [Users] AS [u]
WHERE [u].[Username] = @__username_0 
2025-04-11 12:33:56.2973 INFO Registering to the application... 
2025-04-11 12:33:56.8471 INFO Executed DbCommand (6ms) [Parameters=[@p0='?' (Size = 4000), @p1='?' (Size = 4000), @p2='?' (DbType = Int32), @p3='?' (Size = 4000)], CommandType='Text', CommandTimeout='30']
SET IMPLICIT_TRANSACTIONS OFF;
SET NOCOUNT ON;
INSERT INTO [Users] ([Email], [PasswordHash], [Role], [Username])
OUTPUT INSERTED.[Id]
VALUES (@p0, @p1, @p2, @p3); 
2025-04-11 12:34:06.6048 INFO Executed DbCommand (1ms) [Parameters=[@__username_0='?' (Size = 4000)], CommandType='Text', CommandTimeout='30']
SELECT TOP(1) [u].[Id], [u].[Email], [u].[PasswordHash], [u].[Role], [u].[Username]
FROM [Users] AS [u]
WHERE [u].[Username] = @__username_0 
2025-04-11 12:39:48.4625 INFO Executed DbCommand (12ms) [Parameters=[@__username_0='?' (Size = 4000)], CommandType='Text', CommandTimeout='30']
SELECT TOP(1) [u].[Id], [u].[Email], [u].[PasswordHash], [u].[Role], [u].[Username]
FROM [Users] AS [u]
WHERE [u].[Username] = @__username_0 
2025-04-11 12:47:23.8500 INFO Application started. Press Ctrl+C to shut down. 
2025-04-11 12:47:24.3953 INFO Hosting environment: Development 
2025-04-11 12:47:24.3953 INFO Content root path: C:\Users\aaithamou\source\repos\AuthenticationService\AuthenticationAPI 
2025-04-11 12:56:05.7130 INFO Application started. Press Ctrl+C to shut down. 
2025-04-11 12:56:05.8323 INFO Hosting environment: Development 
2025-04-11 12:56:05.8323 INFO Content root path: C:\Users\aaithamou\source\repos\AuthenticationService\AuthenticationAPI 
2025-04-11 12:56:48.0899 INFO Executed DbCommand (60ms) [Parameters=[@__username_0='?' (Size = 4000)], CommandType='Text', CommandTimeout='30']
SELECT TOP(1) [u].[Id], [u].[Email], [u].[PasswordHash], [u].[Role], [u].[Username]
FROM [Users] AS [u]
WHERE [u].[Username] = @__username_0 
2025-04-11 13:10:06.6298 INFO Application started. Press Ctrl+C to shut down. 
2025-04-11 13:10:06.6998 INFO Hosting environment: Development 
2025-04-11 13:10:06.6998 INFO Content root path: C:\Users\aaithamou\source\repos\AuthenticationService\AuthenticationAPI 
2025-04-11 13:17:05.4875 INFO Application started. Press Ctrl+C to shut down. 
2025-04-11 13:17:05.5556 INFO Hosting environment: Development 
2025-04-11 13:17:05.5556 INFO Content root path: C:\Users\aaithamou\source\repos\AuthenticationService\AuthenticationAPI 
2025-04-11 13:18:02.3023 INFO Executed DbCommand (65ms) [Parameters=[@__username_0='?' (Size = 4000)], CommandType='Text', CommandTimeout='30']
SELECT TOP(1) [u].[Id], [u].[Email], [u].[PasswordHash], [u].[Role], [u].[Username]
FROM [Users] AS [u]
WHERE [u].[Username] = @__username_0 
2025-04-11 13:18:23.5289 INFO Executed DbCommand (2ms) [Parameters=[@__username_0='?' (Size = 4000)], CommandType='Text', CommandTimeout='30']
SELECT TOP(1) [u].[Id], [u].[Email], [u].[PasswordHash], [u].[Role], [u].[Username]
FROM [Users] AS [u]
WHERE [u].[Username] = @__username_0 
2025-04-11 13:19:25.7189 INFO Executed DbCommand (12ms) [Parameters=[@__username_0='?' (Size = 4000)], CommandType='Text', CommandTimeout='30']
SELECT TOP(1) [u].[Id], [u].[Email], [u].[PasswordHash], [u].[Role], [u].[Username]
FROM [Users] AS [u]
WHERE [u].[Username] = @__username_0 
2025-04-11 13:19:25.7189 INFO Registering to the application... 
2025-04-11 13:19:25.9312 INFO Executed DbCommand (7ms) [Parameters=[@p0='?' (Size = 4000), @p1='?' (Size = 4000), @p2='?' (DbType = Int32), @p3='?' (Size = 4000)], CommandType='Text', CommandTimeout='30']
SET IMPLICIT_TRANSACTIONS OFF;
SET NOCOUNT ON;
INSERT INTO [Users] ([Email], [PasswordHash], [Role], [Username])
OUTPUT INSERTED.[Id]
VALUES (@p0, @p1, @p2, @p3); 
2025-04-11 13:19:44.8121 INFO Executed DbCommand (12ms) [Parameters=[@__username_0='?' (Size = 4000)], CommandType='Text', CommandTimeout='30']
SELECT TOP(1) [u].[Id], [u].[Email], [u].[PasswordHash], [u].[Role], [u].[Username]
FROM [Users] AS [u]
WHERE [u].[Username] = @__username_0 
2025-04-11 13:20:06.2322 INFO Executed DbCommand (1ms) [Parameters=[@__username_0='?' (Size = 4000)], CommandType='Text', CommandTimeout='30']
SELECT TOP(1) [u].[Id], [u].[Email], [u].[PasswordHash], [u].[Role], [u].[Username]
FROM [Users] AS [u]
WHERE [u].[Username] = @__username_0 
2025-04-11 13:20:25.2519 INFO Executed DbCommand (1ms) [Parameters=[@__username_0='?' (Size = 4000)], CommandType='Text', CommandTimeout='30']
SELECT TOP(1) [u].[Id], [u].[Email], [u].[PasswordHash], [u].[Role], [u].[Username]
FROM [Users] AS [u]
WHERE [u].[Username] = @__username_0 
2025-04-11 13:22:33.4251 INFO Executed DbCommand (3ms) [Parameters=[@__username_0='?' (Size = 4000)], CommandType='Text', CommandTimeout='30']
SELECT TOP(1) [u].[Id], [u].[Email], [u].[PasswordHash], [u].[Role], [u].[Username]
FROM [Users] AS [u]
WHERE [u].[Username] = @__username_0 
2025-04-11 13:25:57.8042 INFO Executed DbCommand (2ms) [Parameters=[@__username_0='?' (Size = 4000)], CommandType='Text', CommandTimeout='30']
SELECT TOP(1) [u].[Id], [u].[Email], [u].[PasswordHash], [u].[Role], [u].[Username]
FROM [Users] AS [u]
WHERE [u].[Username] = @__username_0 
2025-04-11 13:25:57.8042 INFO Registering to the application... 
2025-04-11 13:26:02.4566 INFO Executed DbCommand (77ms) [Parameters=[@p0='?' (Size = 4000), @p1='?' (Size = 4000), @p2='?' (DbType = Int32), @p3='?' (Size = 4000)], CommandType='Text', CommandTimeout='30']
SET IMPLICIT_TRANSACTIONS OFF;
SET NOCOUNT ON;
INSERT INTO [Users] ([Email], [PasswordHash], [Role], [Username])
OUTPUT INSERTED.[Id]
VALUES (@p0, @p1, @p2, @p3); 
2025-04-11 13:30:41.8512 INFO Application started. Press Ctrl+C to shut down. 
2025-04-11 13:30:41.9182 INFO Hosting environment: Development 
2025-04-11 13:30:41.9182 INFO Content root path: C:\Users\aaithamou\source\repos\AuthenticationService\AuthenticationAPI 
2025-04-11 13:31:16.6368 INFO Executed DbCommand (51ms) [Parameters=[@__username_0='?' (Size = 4000)], CommandType='Text', CommandTimeout='30']
SELECT TOP(1) [u].[Id], [u].[Email], [u].[PasswordHash], [u].[Role], [u].[Username]
FROM [Users] AS [u]
WHERE [u].[Username] = @__username_0 
2025-04-11 13:31:16.6592 INFO Registering to the application... 
2025-04-11 13:31:23.6660 INFO Executed DbCommand (8ms) [Parameters=[@p0='?' (Size = 4000), @p1='?' (Size = 4000), @p2='?' (DbType = Int32), @p3='?' (Size = 4000)], CommandType='Text', CommandTimeout='30']
SET IMPLICIT_TRANSACTIONS OFF;
SET NOCOUNT ON;
INSERT INTO [Users] ([Email], [PasswordHash], [Role], [Username])
OUTPUT INSERTED.[Id]
VALUES (@p0, @p1, @p2, @p3); 
2025-04-11 13:32:15.8964 INFO Executed DbCommand (2ms) [Parameters=[@__username_0='?' (Size = 4000)], CommandType='Text', CommandTimeout='30']
SELECT TOP(1) [u].[Id], [u].[Email], [u].[PasswordHash], [u].[Role], [u].[Username]
FROM [Users] AS [u]
WHERE [u].[Username] = @__username_0 
2025-04-11 13:32:51.1677 INFO Executed DbCommand (1ms) [Parameters=[@__username_0='?' (Size = 4000)], CommandType='Text', CommandTimeout='30']
SELECT TOP(1) [u].[Id], [u].[Email], [u].[PasswordHash], [u].[Role], [u].[Username]
FROM [Users] AS [u]
WHERE [u].[Username] = @__username_0 
2025-04-11 13:35:37.0238 INFO Executed DbCommand (3ms) [Parameters=[@__username_0='?' (Size = 4000)], CommandType='Text', CommandTimeout='30']
SELECT TOP(1) [u].[Id], [u].[Email], [u].[PasswordHash], [u].[Role], [u].[Username]
FROM [Users] AS [u]
WHERE [u].[Username] = @__username_0 
2025-04-11 13:35:37.0238 INFO Registering to the application... 
2025-04-11 13:38:27.1838 INFO Application started. Press Ctrl+C to shut down. 
2025-04-11 13:38:27.2465 INFO Hosting environment: Development 
2025-04-11 13:38:27.2465 INFO Content root path: C:\Users\aaithamou\source\repos\AuthenticationService\AuthenticationAPI 
2025-04-11 13:39:47.4179 INFO Executed DbCommand (40ms) [Parameters=[@__username_0='?' (Size = 4000)], CommandType='Text', CommandTimeout='30']
SELECT TOP(1) [u].[Id], [u].[Email], [u].[PasswordHash], [u].[Role], [u].[Username]
FROM [Users] AS [u]
WHERE [u].[Username] = @__username_0 
2025-04-11 13:39:47.4618 INFO Registering to the application... 
2025-04-11 18:24:27.5966 INFO Application started. Press Ctrl+C to shut down. 
2025-04-11 18:24:27.7034 INFO Hosting environment: Development 
2025-04-11 18:24:27.7076 INFO Content root path: C:\Users\aaithamou\source\repos\AuthenticationService\AuthenticationAPI 
2025-04-11 18:28:09.5454 INFO Executed DbCommand (236ms) [Parameters=[@__username_0='?' (Size = 4000)], CommandType='Text', CommandTimeout='30']
SELECT TOP(1) [u].[Id], [u].[Email], [u].[PasswordHash], [u].[Role], [u].[Username]
FROM [Users] AS [u]
WHERE [u].[Username] = @__username_0 
2025-04-11 18:28:09.7379 INFO Registering to the application... 
2025-04-11 18:32:49.5405 INFO Executed DbCommand (18ms) [Parameters=[@p0='?' (Size = 4000), @p1='?' (Size = 4000), @p2='?' (DbType = Int32), @p3='?' (Size = 4000)], CommandType='Text', CommandTimeout='30']
SET IMPLICIT_TRANSACTIONS OFF;
SET NOCOUNT ON;
INSERT INTO [Users] ([Email], [PasswordHash], [Role], [Username])
OUTPUT INSERTED.[Id]
VALUES (@p0, @p1, @p2, @p3); 
2025-04-11 18:32:53.2280 INFO Executed DbCommand (3ms) [Parameters=[@__username_0='?' (Size = 4000)], CommandType='Text', CommandTimeout='30']
SELECT TOP(1) [u].[Id], [u].[Email], [u].[PasswordHash], [u].[Role], [u].[Username]
FROM [Users] AS [u]
WHERE [u].[Username] = @__username_0 
2025-04-11 18:33:21.9164 INFO Executed DbCommand (7ms) [Parameters=[@__username_0='?' (Size = 4000)], CommandType='Text', CommandTimeout='30']
SELECT TOP(1) [u].[Id], [u].[Email], [u].[PasswordHash], [u].[Role], [u].[Username]
FROM [Users] AS [u]
WHERE [u].[Username] = @__username_0 
2025-04-11 18:33:21.9371 INFO Registering to the application... 
2025-04-11 18:35:40.8834 ERROR Failed executing DbCommand (12ms) [Parameters=[@p0='?' (Size = 4000), @p1='?' (Size = 4000), @p2='?' (DbType = Int32), @p3='?' (Size = 4000)], CommandType='Text', CommandTimeout='30']
SET IMPLICIT_TRANSACTIONS OFF;
SET NOCOUNT ON;
INSERT INTO [Users] ([Email], [PasswordHash], [Role], [Username])
OUTPUT INSERTED.[Id]
VALUES (@p0, @p1, @p2, @p3); 
2025-04-11 18:39:48.1460 INFO Application started. Press Ctrl+C to shut down. 
2025-04-11 18:39:48.2684 INFO Hosting environment: Development 
2025-04-11 18:39:48.2733 INFO Content root path: C:\Users\aaithamou\source\repos\AuthenticationService\AuthenticationAPI 
2025-04-11 19:05:53.3923 INFO Executed DbCommand (55ms) [Parameters=[@__username_0='?' (Size = 4000)], CommandType='Text', CommandTimeout='30']
SELECT TOP(1) [u].[Id], [u].[Email], [u].[PasswordHash], [u].[Role], [u].[Username]
FROM [Users] AS [u]
WHERE [u].[Username] = @__username_0 
2025-04-11 19:05:53.4198 INFO Registering to the application... 
2025-04-11 19:06:21.6811 INFO Executed DbCommand (28ms) [Parameters=[@p0='?' (Size = 4000), @p1='?' (Size = 4000), @p2='?' (DbType = Int32), @p3='?' (Size = 4000)], CommandType='Text', CommandTimeout='30']
SET IMPLICIT_TRANSACTIONS OFF;
SET NOCOUNT ON;
INSERT INTO [Users] ([Email], [PasswordHash], [Role], [Username])
OUTPUT INSERTED.[Id]
VALUES (@p0, @p1, @p2, @p3); 
2025-04-11 19:06:45.4802 INFO Executed DbCommand (7ms) [Parameters=[@__username_0='?' (Size = 4000)], CommandType='Text', CommandTimeout='30']
SELECT TOP(1) [u].[Id], [u].[Email], [u].[PasswordHash], [u].[Role], [u].[Username]
FROM [Users] AS [u]
WHERE [u].[Username] = @__username_0 
2025-04-11 19:06:56.4538 INFO Executed DbCommand (2ms) [Parameters=[@__username_0='?' (Size = 4000)], CommandType='Text', CommandTimeout='30']
SELECT TOP(1) [u].[Id], [u].[Email], [u].[PasswordHash], [u].[Role], [u].[Username]
FROM [Users] AS [u]
WHERE [u].[Username] = @__username_0 
2025-04-11 19:07:19.4272 INFO Executed DbCommand (7ms) [Parameters=[@__username_0='?' (Size = 4000)], CommandType='Text', CommandTimeout='30']
SELECT TOP(1) [u].[Id], [u].[Email], [u].[PasswordHash], [u].[Role], [u].[Username]
FROM [Users] AS [u]
WHERE [u].[Username] = @__username_0 
2025-04-11 19:11:34.2875 INFO Application started. Press Ctrl+C to shut down. 
2025-04-11 19:11:34.4173 INFO Hosting environment: Development 
2025-04-11 19:11:34.4173 INFO Content root path: C:\Users\aaithamou\source\repos\AuthenticationService\AuthenticationAPI 
2025-04-11 19:16:00.3367 INFO Application started. Press Ctrl+C to shut down. 
2025-04-11 19:16:00.4188 INFO Hosting environment: Development 
2025-04-11 19:16:00.4264 INFO Content root path: C:\Users\aaithamou\source\repos\AuthenticationService\AuthenticationAPI 
2025-04-11 19:19:12.8923 INFO Application started. Press Ctrl+C to shut down. 
2025-04-11 19:19:12.9971 INFO Hosting environment: Development 
2025-04-11 19:19:13.0007 INFO Content root path: C:\Users\aaithamou\source\repos\AuthenticationService\AuthenticationAPI 
2025-04-11 19:23:23.1208 INFO Application started. Press Ctrl+C to shut down. 
2025-04-11 19:23:23.2103 INFO Hosting environment: Development 
2025-04-11 19:23:23.2103 INFO Content root path: C:\Users\aaithamou\source\repos\AuthenticationService\AuthenticationAPI 
2025-04-11 19:30:21.6142 INFO Application started. Press Ctrl+C to shut down. 
2025-04-11 19:30:21.6578 INFO Hosting environment: Development 
2025-04-11 19:30:21.6599 INFO Content root path: C:\Users\aaithamou\source\repos\AuthenticationService\AuthenticationAPI 
2025-04-11 19:31:01.6456 INFO Executed DbCommand (44ms) [Parameters=[@__username_0='?' (Size = 4000)], CommandType='Text', CommandTimeout='30']
SELECT TOP(1) [u].[Id], [u].[Email], [u].[PasswordHash], [u].[Role], [u].[Username]
FROM [Users] AS [u]
WHERE [u].[Username] = @__username_0 
2025-04-11 19:31:21.1209 INFO Executed DbCommand (26ms) [Parameters=[@__username_0='?' (Size = 4000)], CommandType='Text', CommandTimeout='30']
SELECT TOP(1) [u].[Id], [u].[Email], [u].[PasswordHash], [u].[Role], [u].[Username]
FROM [Users] AS [u]
WHERE [u].[Username] = @__username_0 
2025-04-11 19:34:36.0037 INFO Application started. Press Ctrl+C to shut down. 
2025-04-11 19:34:36.1009 INFO Hosting environment: Development 
2025-04-11 19:34:36.1009 INFO Content root path: C:\Users\aaithamou\source\repos\AuthenticationService\AuthenticationAPI 
2025-04-11 19:35:23.1623 INFO Executed DbCommand (43ms) [Parameters=[@__username_0='?' (Size = 4000)], CommandType='Text', CommandTimeout='30']
SELECT TOP(1) [u].[Id], [u].[Email], [u].[PasswordHash], [u].[Role], [u].[Username]
FROM [Users] AS [u]
WHERE [u].[Username] = @__username_0 
2025-04-11 19:37:56.2156 INFO Application started. Press Ctrl+C to shut down. 
2025-04-11 19:37:56.2785 INFO Hosting environment: Development 
2025-04-11 19:37:56.2785 INFO Content root path: C:\Users\aaithamou\source\repos\AuthenticationService\AuthenticationAPI 
2025-04-11 19:40:01.8138 INFO Executed DbCommand (66ms) [Parameters=[@__username_0='?' (Size = 4000)], CommandType='Text', CommandTimeout='30']
SELECT TOP(1) [u].[Id], [u].[Email], [u].[PasswordHash], [u].[Role], [u].[Username]
FROM [Users] AS [u]
WHERE [u].[Username] = @__username_0 
2025-04-11 19:41:41.1859 INFO Executed DbCommand (3ms) [Parameters=[@__username_0='?' (Size = 4000)], CommandType='Text', CommandTimeout='30']
SELECT TOP(1) [u].[Id], [u].[Email], [u].[PasswordHash], [u].[Role], [u].[Username]
FROM [Users] AS [u]
WHERE [u].[Username] = @__username_0 
2025-04-11 19:42:14.6712 INFO Executed DbCommand (3ms) [Parameters=[@__username_0='?' (Size = 4000)], CommandType='Text', CommandTimeout='30']
SELECT TOP(1) [u].[Id], [u].[Email], [u].[PasswordHash], [u].[Role], [u].[Username]
FROM [Users] AS [u]
WHERE [u].[Username] = @__username_0 
2025-04-11 19:48:20.5846 INFO Application started. Press Ctrl+C to shut down. 
2025-04-11 19:48:20.6650 INFO Hosting environment: Development 
2025-04-11 19:48:20.6650 INFO Content root path: C:\Users\aaithamou\source\repos\AuthenticationService\AuthenticationAPI 
2025-04-11 20:24:57.0552 INFO Application started. Press Ctrl+C to shut down. 
2025-04-11 20:24:57.1550 INFO Hosting environment: Development 
2025-04-11 20:24:57.1550 INFO Content root path: C:\Users\aaithamou\source\repos\AuthenticationService\AuthenticationService\AuthenticationAPI 
2025-04-11 20:25:28.0146 INFO Executed DbCommand (193ms) [Parameters=[@__username_0='?' (Size = 4000)], CommandType='Text', CommandTimeout='30']
SELECT TOP(1) [u].[Id], [u].[Email], [u].[PasswordHash], [u].[Role], [u].[Username]
FROM [Users] AS [u]
WHERE [u].[Username] = @__username_0 
2025-04-11 20:25:33.8530 INFO Executed DbCommand (3ms) [Parameters=[@__username_0='?' (Size = 4000)], CommandType='Text', CommandTimeout='30']
SELECT TOP(1) [u].[Id], [u].[Email], [u].[PasswordHash], [u].[Role], [u].[Username]
FROM [Users] AS [u]
WHERE [u].[Username] = @__username_0 
2025-04-11 20:55:19.6557 INFO Application started. Press Ctrl+C to shut down. 
2025-04-11 20:55:19.7467 INFO Hosting environment: Development 
2025-04-11 20:55:19.7467 INFO Content root path: C:\Users\aaithamou\source\repos\AuthenticationService\AuthenticationService\AuthenticationAPI 
2025-04-11 20:56:48.3809 INFO Application started. Press Ctrl+C to shut down. 
2025-04-11 20:56:48.5564 INFO Hosting environment: Development 
2025-04-11 20:56:48.5564 INFO Content root path: C:\Users\aaithamou\source\repos\AuthenticationService\AuthenticationService\AuthenticationAPI 
2025-04-11 21:02:47.4198 INFO Application started. Press Ctrl+C to shut down. 
2025-04-11 21:02:47.5284 INFO Hosting environment: Development 
2025-04-11 21:02:47.5284 INFO Content root path: C:\Users\aaithamou\source\repos\AuthenticationService\AuthenticationService\AuthenticationAPI 
2025-04-11 21:03:25.2702 INFO Executed DbCommand (156ms) [Parameters=[@__username_0='?' (Size = 4000)], CommandType='Text', CommandTimeout='30']
SELECT TOP(1) [u].[Id], [u].[Email], [u].[PasswordHash], [u].[Role], [u].[Username]
FROM [Users] AS [u]
WHERE [u].[Username] = @__username_0 
