2025-04-08 00:56:29.3194 INFO Application started. Press Ctrl+C to shut down. 
2025-04-08 00:56:29.3869 INFO Hosting environment: Development 
2025-04-08 00:56:29.3869 INFO Content root path: C:\Users\aaithamou\source\repos\AuthenticationService\AuthenticationAPI 
2025-04-08 00:56:45.8940 INFO Executed DbCommand (61ms) [Parameters=[@__username_0='?' (Size = 4000)], CommandType='Text', CommandTimeout='30']
SELECT TOP(1) [u].[Id], [u].[Email], [u].[PasswordHash], [u].[Username]
FROM [Users] AS [u]
WHERE [u].[Username] = @__username_0 
2025-04-08 00:56:46.1537 INFO Executed DbCommand (1ms) [Parameters=[@__username_0='?' (Size = 4000)], CommandType='Text', CommandTimeout='30']
SELECT TOP(1) [u].[Id], [u].[Email], [u].[PasswordHash], [u].[Username]
FROM [Users] AS [u]
WHERE [u].[Username] = @__username_0 
2025-04-08 09:38:52.6638 INFO Application started. Press Ctrl+C to shut down. 
2025-04-08 09:38:52.7168 INFO Hosting environment: Development 
2025-04-08 09:38:52.7168 INFO Content root path: C:\Users\aaithamou\source\repos\AuthenticationService\AuthenticationAPI 
2025-04-08 09:45:30.5761 INFO Application started. Press Ctrl+C to shut down. 
2025-04-08 09:45:30.6126 INFO Hosting environment: Development 
2025-04-08 09:45:30.6126 INFO Content root path: C:\Users\aaithamou\source\repos\AuthenticationService\AuthenticationAPI 
2025-04-08 09:48:17.3117 INFO Application started. Press Ctrl+C to shut down. 
2025-04-08 09:48:17.3638 INFO Hosting environment: Development 
2025-04-08 09:48:17.3638 INFO Content root path: C:\Users\aaithamou\source\repos\AuthenticationService\AuthenticationAPI 
2025-04-08 11:07:35.8027 INFO Application started. Press Ctrl+C to shut down. 
2025-04-08 11:07:35.8955 INFO Hosting environment: Development 
2025-04-08 11:07:35.8955 INFO Content root path: C:\Users\aaithamou\source\repos\AuthenticationService\AuthenticationAPI 
2025-04-08 11:57:33.8758 INFO Application started. Press Ctrl+C to shut down. 
2025-04-08 11:57:33.9262 INFO Hosting environment: Development 
2025-04-08 11:57:33.9262 INFO Content root path: C:\Users\aaithamou\source\repos\AuthenticationService\AuthenticationAPI 
2025-04-08 12:00:47.9915 INFO Application started. Press Ctrl+C to shut down. 
2025-04-08 12:00:48.0275 INFO Hosting environment: Development 
2025-04-08 12:00:48.0275 INFO Content root path: C:\Users\aaithamou\source\repos\AuthenticationService\AuthenticationAPI 
2025-04-08 12:05:03.3927 INFO Application started. Press Ctrl+C to shut down. 
2025-04-08 12:05:03.4374 INFO Hosting environment: Development 
2025-04-08 12:05:03.4374 INFO Content root path: C:\Users\aaithamou\source\repos\AuthenticationService\AuthenticationAPI 
2025-04-08 12:07:28.9686 INFO Application started. Press Ctrl+C to shut down. 
2025-04-08 12:07:29.0240 INFO Hosting environment: Development 
2025-04-08 12:07:29.0240 INFO Content root path: C:\Users\aaithamou\source\repos\AuthenticationService\AuthenticationAPI 
2025-04-08 12:10:54.4627 INFO Application started. Press Ctrl+C to shut down. 
2025-04-08 12:10:54.5148 INFO Hosting environment: Development 
2025-04-08 12:10:54.5148 INFO Content root path: C:\Users\aaithamou\source\repos\AuthenticationService\AuthenticationAPI 
2025-04-08 12:12:03.3883 INFO Application started. Press Ctrl+C to shut down. 
2025-04-08 12:12:03.4590 INFO Hosting environment: Development 
2025-04-08 12:12:03.4590 INFO Content root path: C:\Users\aaithamou\source\repos\AuthenticationService\AuthenticationAPI 
2025-04-08 12:15:21.7445 INFO Application started. Press Ctrl+C to shut down. 
2025-04-08 12:15:21.8098 INFO Hosting environment: Development 
2025-04-08 12:15:21.8098 INFO Content root path: C:\Users\aaithamou\source\repos\AuthenticationService\AuthenticationAPI 
2025-04-08 12:33:46.6448 INFO Application started. Press Ctrl+C to shut down. 
2025-04-08 12:33:46.6817 INFO Hosting environment: Development 
2025-04-08 12:33:46.6834 INFO Content root path: C:\Users\aaithamou\source\repos\AuthenticationService\AuthenticationAPI 
2025-04-08 12:38:29.7062 INFO Application started. Press Ctrl+C to shut down. 
2025-04-08 12:38:29.7447 INFO Hosting environment: Development 
2025-04-08 12:38:29.7447 INFO Content root path: C:\Users\aaithamou\source\repos\AuthenticationService\AuthenticationAPI 
2025-04-08 12:47:06.0062 INFO Application started. Press Ctrl+C to shut down. 
2025-04-08 12:47:06.0497 INFO Hosting environment: Development 
2025-04-08 12:47:06.0497 INFO Content root path: C:\Users\aaithamou\source\repos\AuthenticationService\AuthenticationAPI 
2025-04-08 12:48:03.1260 INFO Application started. Press Ctrl+C to shut down. 
2025-04-08 12:48:03.1689 INFO Hosting environment: Development 
2025-04-08 12:48:03.1689 INFO Content root path: C:\Users\aaithamou\source\repos\AuthenticationService\AuthenticationAPI 
2025-04-08 12:52:05.7009 INFO Application started. Press Ctrl+C to shut down. 
2025-04-08 12:52:05.7388 INFO Hosting environment: Development 
2025-04-08 12:52:05.7388 INFO Content root path: C:\Users\aaithamou\source\repos\AuthenticationService\AuthenticationAPI 
2025-04-08 12:53:36.7964 INFO Application started. Press Ctrl+C to shut down. 
2025-04-08 12:53:36.8919 INFO Hosting environment: Development 
2025-04-08 12:53:36.8919 INFO Content root path: C:\Users\aaithamou\source\repos\AuthenticationService\AuthenticationAPI 
2025-04-08 14:12:50.8167 INFO Application started. Press Ctrl+C to shut down. 
2025-04-08 14:12:50.9167 INFO Hosting environment: Development 
2025-04-08 14:12:50.9167 INFO Content root path: C:\Users\aaithamou\source\repos\AuthenticationService\AuthenticationAPI 
2025-04-08 14:17:06.3936 INFO Application started. Press Ctrl+C to shut down. 
2025-04-08 14:17:06.4852 INFO Hosting environment: Development 
2025-04-08 14:17:06.4852 INFO Content root path: C:\Users\aaithamou\source\repos\AuthenticationService\AuthenticationAPI 
2025-04-08 14:19:08.0044 INFO Application started. Press Ctrl+C to shut down. 
2025-04-08 14:19:08.1307 INFO Hosting environment: Development 
2025-04-08 14:19:08.1307 INFO Content root path: C:\Users\aaithamou\source\repos\AuthenticationService\AuthenticationAPI 
2025-04-08 14:26:00.6591 INFO Application started. Press Ctrl+C to shut down. 
2025-04-08 14:26:00.7400 INFO Hosting environment: Development 
2025-04-08 14:26:00.7400 INFO Content root path: C:\Users\aaithamou\source\repos\AuthenticationService\AuthenticationAPI 
2025-04-08 14:28:08.8990 INFO Application started. Press Ctrl+C to shut down. 
2025-04-08 14:28:09.0077 INFO Hosting environment: Development 
2025-04-08 14:28:09.0077 INFO Content root path: C:\Users\aaithamou\source\repos\AuthenticationService\AuthenticationAPI 
2025-04-08 14:29:18.1747 INFO Application started. Press Ctrl+C to shut down. 
2025-04-08 14:29:18.2461 INFO Hosting environment: Development 
2025-04-08 14:29:18.2496 INFO Content root path: C:\Users\aaithamou\source\repos\AuthenticationService\AuthenticationAPI 
2025-04-08 14:36:43.2557 INFO Application started. Press Ctrl+C to shut down. 
2025-04-08 14:36:43.3428 INFO Hosting environment: Development 
2025-04-08 14:36:43.3428 INFO Content root path: C:\Users\aaithamou\source\repos\AuthenticationService\AuthenticationAPI 
2025-04-08 14:42:28.2899 INFO Application started. Press Ctrl+C to shut down. 
2025-04-08 14:42:28.3689 INFO Hosting environment: Development 
2025-04-08 14:42:28.3719 INFO Content root path: C:\Users\aaithamou\source\repos\AuthenticationService\AuthenticationAPI 
2025-04-08 14:44:37.9893 INFO Application started. Press Ctrl+C to shut down. 
2025-04-08 14:44:38.0676 INFO Hosting environment: Development 
2025-04-08 14:44:38.0676 INFO Content root path: C:\Users\aaithamou\source\repos\AuthenticationService\AuthenticationAPI 
2025-04-08 14:51:12.0735 INFO Application started. Press Ctrl+C to shut down. 
2025-04-08 14:51:12.1614 INFO Hosting environment: Development 
2025-04-08 14:51:12.1614 INFO Content root path: C:\Users\aaithamou\source\repos\AuthenticationService\AuthenticationAPI 
2025-04-08 14:56:58.4702 INFO Application started. Press Ctrl+C to shut down. 
2025-04-08 14:56:58.5568 INFO Hosting environment: Development 
2025-04-08 14:56:58.5600 INFO Content root path: C:\Users\aaithamou\source\repos\AuthenticationService\AuthenticationAPI 
2025-04-08 15:00:22.0424 INFO Application started. Press Ctrl+C to shut down. 
2025-04-08 15:00:22.1126 INFO Hosting environment: Development 
2025-04-08 15:00:22.1126 INFO Content root path: C:\Users\aaithamou\source\repos\AuthenticationService\AuthenticationAPI 
2025-04-08 15:04:35.6764 INFO Application started. Press Ctrl+C to shut down. 
2025-04-08 15:04:35.8255 INFO Hosting environment: Development 
2025-04-08 15:04:35.8255 INFO Content root path: C:\Users\aaithamou\source\repos\AuthenticationService\AuthenticationAPI 
2025-04-08 15:05:22.9182 INFO Executed DbCommand (184ms) [Parameters=[@__username_0='?' (Size = 4000)], CommandType='Text', CommandTimeout='30']
SELECT TOP(1) [u].[Id], [u].[Email], [u].[PasswordHash], [u].[Username]
FROM [Users] AS [u]
WHERE [u].[Username] = @__username_0 
2025-04-08 15:05:23.6514 INFO Executed DbCommand (3ms) [Parameters=[@__username_0='?' (Size = 4000)], CommandType='Text', CommandTimeout='30']
SELECT TOP(1) [u].[Id], [u].[Email], [u].[PasswordHash], [u].[Username]
FROM [Users] AS [u]
WHERE [u].[Username] = @__username_0 
2025-04-08 15:05:36.4393 INFO Executed DbCommand (1ms) [Parameters=[@__username_0='?' (Size = 4000)], CommandType='Text', CommandTimeout='30']
SELECT TOP(1) [u].[Id], [u].[Email], [u].[PasswordHash], [u].[Username]
FROM [Users] AS [u]
WHERE [u].[Username] = @__username_0 
2025-04-08 15:05:36.7013 INFO Executed DbCommand (1ms) [Parameters=[@__username_0='?' (Size = 4000)], CommandType='Text', CommandTimeout='30']
SELECT TOP(1) [u].[Id], [u].[Email], [u].[PasswordHash], [u].[Username]
FROM [Users] AS [u]
WHERE [u].[Username] = @__username_0 
2025-04-08 15:06:55.6353 INFO Application started. Press Ctrl+C to shut down. 
2025-04-08 15:06:55.7558 INFO Hosting environment: Development 
2025-04-08 15:06:55.7558 INFO Content root path: C:\Users\aaithamou\source\repos\AuthenticationService\AuthenticationAPI 
2025-04-08 15:10:16.3210 INFO Application started. Press Ctrl+C to shut down. 
2025-04-08 15:10:16.4579 INFO Hosting environment: Development 
2025-04-08 15:10:16.4579 INFO Content root path: C:\Users\aaithamou\source\repos\AuthenticationService\AuthenticationAPI 
2025-04-08 15:18:36.0954 INFO Application started. Press Ctrl+C to shut down. 
2025-04-08 15:18:36.1394 INFO Hosting environment: Development 
2025-04-08 15:18:36.1394 INFO Content root path: C:\Users\aaithamou\source\repos\AuthenticationService\AuthenticationAPI 
2025-04-08 15:21:37.1913 INFO Executed DbCommand (59ms) [Parameters=[@__username_0='?' (Size = 4000)], CommandType='Text', CommandTimeout='30']
SELECT TOP(1) [u].[Id], [u].[Email], [u].[PasswordHash], [u].[Username]
FROM [Users] AS [u]
WHERE [u].[Username] = @__username_0 
2025-04-08 15:21:37.4524 INFO Executed DbCommand (2ms) [Parameters=[@__username_0='?' (Size = 4000)], CommandType='Text', CommandTimeout='30']
SELECT TOP(1) [u].[Id], [u].[Email], [u].[PasswordHash], [u].[Username]
FROM [Users] AS [u]
WHERE [u].[Username] = @__username_0 
2025-04-08 15:39:59.6413 INFO Application started. Press Ctrl+C to shut down. 
2025-04-08 15:39:59.6874 INFO Hosting environment: Development 
2025-04-08 15:39:59.6874 INFO Content root path: C:\Users\aaithamou\source\repos\AuthenticationService\AuthenticationAPI 
2025-04-08 15:40:29.8666 INFO Executed DbCommand (62ms) [Parameters=[@__username_0='?' (Size = 4000)], CommandType='Text', CommandTimeout='30']
SELECT TOP(1) [u].[Id], [u].[Email], [u].[PasswordHash], [u].[Username]
FROM [Users] AS [u]
WHERE [u].[Username] = @__username_0 
2025-04-08 15:40:30.1335 INFO Executed DbCommand (2ms) [Parameters=[@__username_0='?' (Size = 4000)], CommandType='Text', CommandTimeout='30']
SELECT TOP(1) [u].[Id], [u].[Email], [u].[PasswordHash], [u].[Username]
FROM [Users] AS [u]
WHERE [u].[Username] = @__username_0 
2025-04-08 15:49:07.3492 INFO Application started. Press Ctrl+C to shut down. 
2025-04-08 15:49:07.4002 INFO Hosting environment: Development 
2025-04-08 15:49:07.4002 INFO Content root path: C:\Users\aaithamou\source\repos\AuthenticationService\AuthenticationAPI 
2025-04-08 15:49:34.8822 INFO Executed DbCommand (64ms) [Parameters=[@__username_0='?' (Size = 4000)], CommandType='Text', CommandTimeout='30']
SELECT TOP(1) [u].[Id], [u].[Email], [u].[PasswordHash], [u].[Username]
FROM [Users] AS [u]
WHERE [u].[Username] = @__username_0 
2025-04-08 15:49:49.8535 INFO Executed DbCommand (8ms) [Parameters=[@__username_0='?' (Size = 4000)], CommandType='Text', CommandTimeout='30']
SELECT TOP(1) [u].[Id], [u].[Email], [u].[PasswordHash], [u].[Username]
FROM [Users] AS [u]
WHERE [u].[Username] = @__username_0 
2025-04-08 15:49:50.0265 ERROR Failed executing DbCommand (8ms) [Parameters=[@__username_0='?' (Size = 4000)], CommandType='Text', CommandTimeout='30']
SELECT TOP(1) [u].[Id], [u].[Email], [u].[PasswordHash], [u].[Username]
FROM [Users] AS [u]
WHERE [u].[Username] = @__username_0 
2025-04-08 15:49:50.0265 ERROR An exception occurred while iterating over the results of a query for context type 'DAL.Data.ApplicationDbContext'.
System.InvalidOperationException: Invalid operation. The connection is closed.
   at Microsoft.Data.SqlClient.SqlCommand.<>c.<ExecuteDbDataReaderAsync>b__211_0(Task`1 result)
   at System.Threading.Tasks.ContinuationResultTaskFromResultTask`2.InnerInvoke()
   at System.Threading.ExecutionContext.RunInternal(ExecutionContext executionContext, ContextCallback callback, Object state)
--- End of stack trace from previous location ---
   at System.Threading.ExecutionContext.RunInternal(ExecutionContext executionContext, ContextCallback callback, Object state)
   at System.Threading.Tasks.Task.ExecuteWithThreadLocal(Task& currentTaskSlot, Thread threadPoolThread)
--- End of stack trace from previous location ---
   at Microsoft.EntityFrameworkCore.Storage.RelationalCommand.ExecuteReaderAsync(RelationalCommandParameterObject parameterObject, CancellationToken cancellationToken)
   at Microsoft.EntityFrameworkCore.Storage.RelationalCommand.ExecuteReaderAsync(RelationalCommandParameterObject parameterObject, CancellationToken cancellationToken)
   at Microsoft.EntityFrameworkCore.Query.Internal.SingleQueryingEnumerable`1.AsyncEnumerator.InitializeReaderAsync(AsyncEnumerator enumerator, CancellationToken cancellationToken)
   at Microsoft.EntityFrameworkCore.SqlServer.Storage.Internal.SqlServerExecutionStrategy.ExecuteAsync[TState,TResult](TState state, Func`4 operation, Func`4 verifySucceeded, CancellationToken cancellationToken)
   at Microsoft.EntityFrameworkCore.Query.Internal.SingleQueryingEnumerable`1.AsyncEnumerator.MoveNextAsync() System.InvalidOperationException: Invalid operation. The connection is closed.
   at Microsoft.Data.SqlClient.SqlCommand.<>c.<ExecuteDbDataReaderAsync>b__211_0(Task`1 result)
   at System.Threading.Tasks.ContinuationResultTaskFromResultTask`2.InnerInvoke()
   at System.Threading.ExecutionContext.RunInternal(ExecutionContext executionContext, ContextCallback callback, Object state)
--- End of stack trace from previous location ---
   at System.Threading.ExecutionContext.RunInternal(ExecutionContext executionContext, ContextCallback callback, Object state)
   at System.Threading.Tasks.Task.ExecuteWithThreadLocal(Task& currentTaskSlot, Thread threadPoolThread)
--- End of stack trace from previous location ---
   at Microsoft.EntityFrameworkCore.Storage.RelationalCommand.ExecuteReaderAsync(RelationalCommandParameterObject parameterObject, CancellationToken cancellationToken)
   at Microsoft.EntityFrameworkCore.Storage.RelationalCommand.ExecuteReaderAsync(RelationalCommandParameterObject parameterObject, CancellationToken cancellationToken)
   at Microsoft.EntityFrameworkCore.Query.Internal.SingleQueryingEnumerable`1.AsyncEnumerator.InitializeReaderAsync(AsyncEnumerator enumerator, CancellationToken cancellationToken)
   at Microsoft.EntityFrameworkCore.SqlServer.Storage.Internal.SqlServerExecutionStrategy.ExecuteAsync[TState,TResult](TState state, Func`4 operation, Func`4 verifySucceeded, CancellationToken cancellationToken)
   at Microsoft.EntityFrameworkCore.Query.Internal.SingleQueryingEnumerable`1.AsyncEnumerator.MoveNextAsync()
2025-04-08 15:52:55.6965 INFO Application started. Press Ctrl+C to shut down. 
2025-04-08 15:52:55.7400 INFO Hosting environment: Development 
2025-04-08 15:52:55.7400 INFO Content root path: C:\Users\aaithamou\source\repos\AuthenticationService\AuthenticationAPI 
2025-04-08 15:53:49.2891 INFO Executed DbCommand (72ms) [Parameters=[@__username_0='?' (Size = 4000)], CommandType='Text', CommandTimeout='30']
SELECT TOP(1) [u].[Id], [u].[Email], [u].[PasswordHash], [u].[Username]
FROM [Users] AS [u]
WHERE [u].[Username] = @__username_0 
2025-04-08 15:53:49.5617 INFO Executed DbCommand (2ms) [Parameters=[@__username_0='?' (Size = 4000)], CommandType='Text', CommandTimeout='30']
SELECT TOP(1) [u].[Id], [u].[Email], [u].[PasswordHash], [u].[Username]
FROM [Users] AS [u]
WHERE [u].[Username] = @__username_0 
2025-04-08 16:01:48.7076 INFO Application started. Press Ctrl+C to shut down. 
2025-04-08 16:01:48.7576 INFO Hosting environment: Development 
2025-04-08 16:01:48.7576 INFO Content root path: C:\Users\aaithamou\source\repos\AuthenticationService\AuthenticationAPI 
2025-04-08 16:02:59.1839 INFO Executed DbCommand (71ms) [Parameters=[@__username_0='?' (Size = 4000)], CommandType='Text', CommandTimeout='30']
SELECT TOP(1) [u].[Id], [u].[Email], [u].[PasswordHash], [u].[Username]
FROM [Users] AS [u]
WHERE [u].[Username] = @__username_0 
2025-04-08 16:02:59.5170 INFO Executed DbCommand (2ms) [Parameters=[@__username_0='?' (Size = 4000)], CommandType='Text', CommandTimeout='30']
SELECT TOP(1) [u].[Id], [u].[Email], [u].[PasswordHash], [u].[Username]
FROM [Users] AS [u]
WHERE [u].[Username] = @__username_0 
2025-04-08 16:06:32.0867 INFO Executed DbCommand (8ms) [Parameters=[@__username_0='?' (Size = 4000)], CommandType='Text', CommandTimeout='30']
SELECT TOP(1) [u].[Id], [u].[Email], [u].[PasswordHash], [u].[Username]
FROM [Users] AS [u]
WHERE [u].[Username] = @__username_0 
2025-04-08 16:06:32.1924 INFO Executed DbCommand (1ms) [Parameters=[@__username_0='?' (Size = 4000)], CommandType='Text', CommandTimeout='30']
SELECT TOP(1) [u].[Id], [u].[Email], [u].[PasswordHash], [u].[Username]
FROM [Users] AS [u]
WHERE [u].[Username] = @__username_0 
2025-04-08 16:19:21.3106 INFO Application started. Press Ctrl+C to shut down. 
2025-04-08 16:19:21.3571 INFO Hosting environment: Development 
2025-04-08 16:19:21.3591 INFO Content root path: C:\Users\aaithamou\source\repos\AuthenticationService\AuthenticationAPI 
2025-04-08 16:28:42.4311 INFO Application started. Press Ctrl+C to shut down. 
2025-04-08 16:28:42.5104 INFO Hosting environment: Development 
2025-04-08 16:28:42.5154 INFO Content root path: C:\Users\aaithamou\source\repos\AuthenticationService\AuthenticationAPI 
2025-04-08 16:29:11.6538 INFO Executed DbCommand (51ms) [Parameters=[@__username_0='?' (Size = 4000)], CommandType='Text', CommandTimeout='30']
SELECT TOP(1) [u].[Id], [u].[Email], [u].[PasswordHash], [u].[Username]
FROM [Users] AS [u]
WHERE [u].[Username] = @__username_0 
2025-04-08 16:29:11.9393 INFO Executed DbCommand (4ms) [Parameters=[@__username_0='?' (Size = 4000)], CommandType='Text', CommandTimeout='30']
SELECT TOP(1) [u].[Id], [u].[Email], [u].[PasswordHash], [u].[Username]
FROM [Users] AS [u]
WHERE [u].[Username] = @__username_0 
2025-04-08 16:29:39.3614 INFO Executed DbCommand (1ms) [Parameters=[@__username_0='?' (Size = 4000)], CommandType='Text', CommandTimeout='30']
SELECT TOP(1) [u].[Id], [u].[Email], [u].[PasswordHash], [u].[Username]
FROM [Users] AS [u]
WHERE [u].[Username] = @__username_0 
2025-04-08 16:29:39.3614 INFO Registering to the application... 
2025-04-08 16:29:39.5651 ERROR Failed executing DbCommand (20ms) [Parameters=[@p0='?' (Size = 4000), @p1='?' (Size = 4000), @p2='?' (Size = 4000)], CommandType='Text', CommandTimeout='30']
SET IMPLICIT_TRANSACTIONS OFF;
SET NOCOUNT ON;
INSERT INTO [Users] ([Email], [PasswordHash], [Username])
OUTPUT INSERTED.[Id]
VALUES (@p0, @p1, @p2); 
2025-04-08 16:31:19.8407 INFO Executed DbCommand (2ms) [Parameters=[@__username_0='?' (Size = 4000)], CommandType='Text', CommandTimeout='30']
SELECT TOP(1) [u].[Id], [u].[Email], [u].[PasswordHash], [u].[Username]
FROM [Users] AS [u]
WHERE [u].[Username] = @__username_0 
2025-04-08 16:31:19.8414 INFO Registering to the application... 
2025-04-08 16:31:19.9283 ERROR Failed executing DbCommand (11ms) [Parameters=[@p0='?' (Size = 4000), @p1='?' (Size = 4000), @p2='?' (Size = 4000)], CommandType='Text', CommandTimeout='30']
SET IMPLICIT_TRANSACTIONS OFF;
SET NOCOUNT ON;
INSERT INTO [Users] ([Email], [PasswordHash], [Username])
OUTPUT INSERTED.[Id]
VALUES (@p0, @p1, @p2); 
2025-04-08 16:34:04.4719 INFO Executed DbCommand (2ms) [Parameters=[@__username_0='?' (Size = 4000)], CommandType='Text', CommandTimeout='30']
SELECT TOP(1) [u].[Id], [u].[Email], [u].[PasswordHash], [u].[Username]
FROM [Users] AS [u]
WHERE [u].[Username] = @__username_0 
2025-04-08 16:34:04.4719 INFO Registering to the application... 
2025-04-08 16:34:05.4829 ERROR Failed executing DbCommand (4ms) [Parameters=[@p0='?' (Size = 4000), @p1='?' (Size = 4000), @p2='?' (Size = 4000)], CommandType='Text', CommandTimeout='30']
SET IMPLICIT_TRANSACTIONS OFF;
SET NOCOUNT ON;
INSERT INTO [Users] ([Email], [PasswordHash], [Username])
OUTPUT INSERTED.[Id]
VALUES (@p0, @p1, @p2); 
2025-04-08 16:35:43.7366 INFO Application started. Press Ctrl+C to shut down. 
2025-04-08 16:35:43.7757 INFO Hosting environment: Development 
2025-04-08 16:35:43.7757 INFO Content root path: C:\Users\aaithamou\source\repos\AuthenticationService\AuthenticationAPI 
2025-04-08 16:36:14.4376 INFO Executed DbCommand (49ms) [Parameters=[@__username_0='?' (Size = 4000)], CommandType='Text', CommandTimeout='30']
SELECT TOP(1) [u].[Id], [u].[Email], [u].[PasswordHash], [u].[Username]
FROM [Users] AS [u]
WHERE [u].[Username] = @__username_0 
2025-04-08 16:36:14.4639 INFO Registering to the application... 
2025-04-08 16:36:28.8492 INFO Executed DbCommand (72ms) [Parameters=[@p0='?' (Size = 4000), @p1='?' (Size = 4000), @p2='?' (Size = 4000)], CommandType='Text', CommandTimeout='30']
SET IMPLICIT_TRANSACTIONS OFF;
SET NOCOUNT ON;
INSERT INTO [Users] ([Email], [PasswordHash], [Username])
OUTPUT INSERTED.[Id]
VALUES (@p0, @p1, @p2); 
2025-04-08 16:37:19.4906 INFO Executed DbCommand (2ms) [Parameters=[@__username_0='?' (Size = 4000)], CommandType='Text', CommandTimeout='30']
SELECT TOP(1) [u].[Id], [u].[Email], [u].[PasswordHash], [u].[Username]
FROM [Users] AS [u]
WHERE [u].[Username] = @__username_0 
2025-04-08 16:37:21.3082 INFO Executed DbCommand (1ms) [Parameters=[@__username_0='?' (Size = 4000)], CommandType='Text', CommandTimeout='30']
SELECT TOP(1) [u].[Id], [u].[Email], [u].[PasswordHash], [u].[Username]
FROM [Users] AS [u]
WHERE [u].[Username] = @__username_0 
2025-04-08 16:37:26.2856 INFO Executed DbCommand (2ms) [Parameters=[@__username_0='?' (Size = 4000)], CommandType='Text', CommandTimeout='30']
SELECT TOP(1) [u].[Id], [u].[Email], [u].[PasswordHash], [u].[Username]
FROM [Users] AS [u]
WHERE [u].[Username] = @__username_0 
2025-04-08 16:37:27.6126 INFO Executed DbCommand (2ms) [Parameters=[@__username_0='?' (Size = 4000)], CommandType='Text', CommandTimeout='30']
SELECT TOP(1) [u].[Id], [u].[Email], [u].[PasswordHash], [u].[Username]
FROM [Users] AS [u]
WHERE [u].[Username] = @__username_0 
2025-04-08 16:37:39.0178 INFO Application started. Press Ctrl+C to shut down. 
2025-04-08 16:37:39.0570 INFO Hosting environment: Development 
2025-04-08 16:37:39.0570 INFO Content root path: C:\Users\aaithamou\source\repos\AuthenticationService\AuthenticationAPI 
2025-04-08 16:38:09.5230 INFO Executed DbCommand (53ms) [Parameters=[@__username_0='?' (Size = 4000)], CommandType='Text', CommandTimeout='30']
SELECT TOP(1) [u].[Id], [u].[Email], [u].[PasswordHash], [u].[Username]
FROM [Users] AS [u]
WHERE [u].[Username] = @__username_0 
2025-04-08 16:38:26.4256 INFO Application started. Press Ctrl+C to shut down. 
2025-04-08 16:38:26.4706 INFO Hosting environment: Development 
2025-04-08 16:38:26.4706 INFO Content root path: C:\Users\aaithamou\source\repos\AuthenticationService\AuthenticationAPI 
2025-04-08 16:38:48.1330 INFO Executed DbCommand (56ms) [Parameters=[@__username_0='?' (Size = 4000)], CommandType='Text', CommandTimeout='30']
SELECT TOP(1) [u].[Id], [u].[Email], [u].[PasswordHash], [u].[Username]
FROM [Users] AS [u]
WHERE [u].[Username] = @__username_0 
2025-04-08 16:39:00.9872 INFO Executed DbCommand (2ms) [Parameters=[@__username_0='?' (Size = 4000)], CommandType='Text', CommandTimeout='30']
SELECT TOP(1) [u].[Id], [u].[Email], [u].[PasswordHash], [u].[Username]
FROM [Users] AS [u]
WHERE [u].[Username] = @__username_0 
2025-04-08 16:39:04.8689 INFO Executed DbCommand (1ms) [Parameters=[@__username_0='?' (Size = 4000)], CommandType='Text', CommandTimeout='30']
SELECT TOP(1) [u].[Id], [u].[Email], [u].[PasswordHash], [u].[Username]
FROM [Users] AS [u]
WHERE [u].[Username] = @__username_0 
2025-04-08 16:39:09.3315 INFO Executed DbCommand (1ms) [Parameters=[@__username_0='?' (Size = 4000)], CommandType='Text', CommandTimeout='30']
SELECT TOP(1) [u].[Id], [u].[Email], [u].[PasswordHash], [u].[Username]
FROM [Users] AS [u]
WHERE [u].[Username] = @__username_0 
2025-04-08 16:39:42.5203 INFO Executed DbCommand (58ms) [Parameters=[@__username_0='?' (Size = 4000)], CommandType='Text', CommandTimeout='30']
SELECT TOP(1) [u].[Id], [u].[Email], [u].[PasswordHash], [u].[Username]
FROM [Users] AS [u]
WHERE [u].[Username] = @__username_0 
2025-04-08 16:40:48.2830 INFO Executed DbCommand (59ms) [Parameters=[@__username_0='?' (Size = 4000)], CommandType='Text', CommandTimeout='30']
SELECT TOP(1) [u].[Id], [u].[Email], [u].[PasswordHash], [u].[Username]
FROM [Users] AS [u]
WHERE [u].[Username] = @__username_0 
2025-04-08 16:41:06.3394 INFO Executed DbCommand (2ms) [Parameters=[@__username_0='?' (Size = 4000)], CommandType='Text', CommandTimeout='30']
SELECT TOP(1) [u].[Id], [u].[Email], [u].[PasswordHash], [u].[Username]
FROM [Users] AS [u]
WHERE [u].[Username] = @__username_0 
2025-04-08 16:41:07.8538 INFO Registering to the application... 
2025-04-08 16:41:23.7392 INFO Executed DbCommand (6ms) [Parameters=[@p0='?' (Size = 4000), @p1='?' (Size = 4000), @p2='?' (Size = 4000)], CommandType='Text', CommandTimeout='30']
SET IMPLICIT_TRANSACTIONS OFF;
SET NOCOUNT ON;
INSERT INTO [Users] ([Email], [PasswordHash], [Username])
OUTPUT INSERTED.[Id]
VALUES (@p0, @p1, @p2); 
2025-04-08 16:42:02.4213 INFO Application started. Press Ctrl+C to shut down. 
2025-04-08 16:42:02.4630 INFO Hosting environment: Development 
2025-04-08 16:42:02.4630 INFO Content root path: C:\Users\aaithamou\source\repos\AuthenticationService\AuthenticationAPI 
2025-04-08 16:42:47.4078 INFO Executed DbCommand (45ms) [Parameters=[@__username_0='?' (Size = 4000)], CommandType='Text', CommandTimeout='30']
SELECT TOP(1) [u].[Id], [u].[Email], [u].[PasswordHash], [u].[Username]
FROM [Users] AS [u]
WHERE [u].[Username] = @__username_0 
2025-04-08 16:42:52.5045 INFO Registering to the application... 
2025-04-08 16:43:00.4817 INFO Executed DbCommand (105ms) [Parameters=[@p0='?' (Size = 4000), @p1='?' (Size = 4000), @p2='?' (Size = 4000)], CommandType='Text', CommandTimeout='30']
SET IMPLICIT_TRANSACTIONS OFF;
SET NOCOUNT ON;
INSERT INTO [Users] ([Email], [PasswordHash], [Username])
OUTPUT INSERTED.[Id]
VALUES (@p0, @p1, @p2); 
2025-04-08 16:43:43.6358 INFO Executed DbCommand (2ms) [Parameters=[@__username_0='?' (Size = 4000)], CommandType='Text', CommandTimeout='30']
SELECT TOP(1) [u].[Id], [u].[Email], [u].[PasswordHash], [u].[Username]
FROM [Users] AS [u]
WHERE [u].[Username] = @__username_0 
2025-04-08 16:43:43.7836 INFO Executed DbCommand (1ms) [Parameters=[@__username_0='?' (Size = 4000)], CommandType='Text', CommandTimeout='30']
SELECT TOP(1) [u].[Id], [u].[Email], [u].[PasswordHash], [u].[Username]
FROM [Users] AS [u]
WHERE [u].[Username] = @__username_0 
2025-04-08 16:46:16.8453 INFO Application started. Press Ctrl+C to shut down. 
2025-04-08 16:46:16.9150 INFO Hosting environment: Development 
2025-04-08 16:46:16.9150 INFO Content root path: C:\Users\aaithamou\source\repos\AuthenticationService\AuthenticationAPI 
2025-04-08 16:46:53.1760 INFO Application started. Press Ctrl+C to shut down. 
2025-04-08 16:46:53.2356 INFO Hosting environment: Development 
2025-04-08 16:46:53.2356 INFO Content root path: C:\Users\aaithamou\source\repos\AuthenticationService\AuthenticationAPI 
2025-04-08 16:54:56.3762 INFO Application started. Press Ctrl+C to shut down. 
2025-04-08 16:54:56.4277 INFO Hosting environment: Development 
2025-04-08 16:54:56.4277 INFO Content root path: C:\Users\aaithamou\source\repos\AuthenticationService\AuthenticationAPI 
2025-04-08 16:57:16.4417 INFO Application started. Press Ctrl+C to shut down. 
2025-04-08 16:57:16.4776 INFO Hosting environment: Development 
2025-04-08 16:57:16.4776 INFO Content root path: C:\Users\aaithamou\source\repos\AuthenticationService\AuthenticationAPI 
2025-04-08 16:57:44.3180 INFO Executed DbCommand (81ms) [Parameters=[@__username_0='?' (Size = 4000)], CommandType='Text', CommandTimeout='30']
SELECT TOP(1) [u].[Id], [u].[Email], [u].[PasswordHash], [u].[Username]
FROM [Users] AS [u]
WHERE [u].[Username] = @__username_0 
2025-04-08 16:58:14.5409 INFO Executed DbCommand (7ms) [Parameters=[@__username_0='?' (Size = 4000)], CommandType='Text', CommandTimeout='30']
SELECT TOP(1) [u].[Id], [u].[Email], [u].[PasswordHash], [u].[Username]
FROM [Users] AS [u]
WHERE [u].[Username] = @__username_0 
2025-04-08 17:02:46.9190 INFO Application started. Press Ctrl+C to shut down. 
2025-04-08 17:02:46.9701 INFO Hosting environment: Development 
2025-04-08 17:02:46.9701 INFO Content root path: C:\Users\aaithamou\source\repos\AuthenticationService\AuthenticationAPI 
2025-04-08 17:03:21.1642 INFO Executed DbCommand (58ms) [Parameters=[@__username_0='?' (Size = 4000)], CommandType='Text', CommandTimeout='30']
SELECT TOP(1) [u].[Id], [u].[Email], [u].[PasswordHash], [u].[Username]
FROM [Users] AS [u]
WHERE [u].[Username] = @__username_0 
2025-04-08 17:03:46.7738 INFO Executed DbCommand (4ms) [Parameters=[@__username_0='?' (Size = 4000)], CommandType='Text', CommandTimeout='30']
SELECT TOP(1) [u].[Id], [u].[Email], [u].[PasswordHash], [u].[Username]
FROM [Users] AS [u]
WHERE [u].[Username] = @__username_0 
2025-04-08 17:04:22.6972 INFO Executed DbCommand (2ms) [Parameters=[@__username_0='?' (Size = 4000)], CommandType='Text', CommandTimeout='30']
SELECT TOP(1) [u].[Id], [u].[Email], [u].[PasswordHash], [u].[Username]
FROM [Users] AS [u]
WHERE [u].[Username] = @__username_0 
2025-04-08 17:04:22.8681 INFO Executed DbCommand (1ms) [Parameters=[@__username_0='?' (Size = 4000)], CommandType='Text', CommandTimeout='30']
SELECT TOP(1) [u].[Id], [u].[Email], [u].[PasswordHash], [u].[Username]
FROM [Users] AS [u]
WHERE [u].[Username] = @__username_0 
2025-04-08 17:04:49.1655 INFO Executed DbCommand (1ms) [Parameters=[@__username_0='?' (Size = 4000)], CommandType='Text', CommandTimeout='30']
SELECT TOP(1) [u].[Id], [u].[Email], [u].[PasswordHash], [u].[Username]
FROM [Users] AS [u]
WHERE [u].[Username] = @__username_0 
2025-04-08 17:04:49.1756 INFO Registering to the application... 
2025-04-08 17:04:52.5858 INFO Executed DbCommand (3ms) [Parameters=[@p0='?' (Size = 4000), @p1='?' (Size = 4000), @p2='?' (Size = 4000)], CommandType='Text', CommandTimeout='30']
SET IMPLICIT_TRANSACTIONS OFF;
SET NOCOUNT ON;
INSERT INTO [Users] ([Email], [PasswordHash], [Username])
OUTPUT INSERTED.[Id]
VALUES (@p0, @p1, @p2); 
2025-04-08 17:05:04.6549 INFO Executed DbCommand (3ms) [Parameters=[@__username_0='?' (Size = 4000)], CommandType='Text', CommandTimeout='30']
SELECT TOP(1) [u].[Id], [u].[Email], [u].[PasswordHash], [u].[Username]
FROM [Users] AS [u]
WHERE [u].[Username] = @__username_0 
2025-04-08 17:05:27.2131 INFO Executed DbCommand (1ms) [Parameters=[@__username_0='?' (Size = 4000)], CommandType='Text', CommandTimeout='30']
SELECT TOP(1) [u].[Id], [u].[Email], [u].[PasswordHash], [u].[Username]
FROM [Users] AS [u]
WHERE [u].[Username] = @__username_0 
2025-04-08 17:05:35.8622 INFO Executed DbCommand (1ms) [Parameters=[@__username_0='?' (Size = 4000)], CommandType='Text', CommandTimeout='30']
SELECT TOP(1) [u].[Id], [u].[Email], [u].[PasswordHash], [u].[Username]
FROM [Users] AS [u]
WHERE [u].[Username] = @__username_0 
2025-04-08 17:05:35.9486 INFO Executed DbCommand (1ms) [Parameters=[@__username_0='?' (Size = 4000)], CommandType='Text', CommandTimeout='30']
SELECT TOP(1) [u].[Id], [u].[Email], [u].[PasswordHash], [u].[Username]
FROM [Users] AS [u]
WHERE [u].[Username] = @__username_0 
2025-04-08 17:05:35.9662 ERROR An exception occurred while iterating over the results of a query for context type 'DAL.Data.ApplicationDbContext'.
System.ObjectDisposedException: Cannot access a disposed context instance. A common cause of this error is disposing a context instance that was resolved from dependency injection and then later trying to use the same context instance elsewhere in your application. This may occur if you are calling 'Dispose' on the context instance, or wrapping it in a using statement. If you are using dependency injection, you should let the dependency injection container take care of disposing context instances.
Object name: 'ApplicationDbContext'.
   at Microsoft.EntityFrameworkCore.DbContext.CheckDisposed()
   at Microsoft.EntityFrameworkCore.DbContext.get_DbContextDependencies()
   at Microsoft.EntityFrameworkCore.DbContext.Microsoft.EntityFrameworkCore.Internal.IDbContextDependencies.get_StateManager()
   at Microsoft.EntityFrameworkCore.Query.QueryContextDependencies.get_StateManager()
   at Microsoft.EntityFrameworkCore.Query.QueryContext.InitializeStateManager(Boolean standAlone)
   at Microsoft.EntityFrameworkCore.Query.Internal.SingleQueryingEnumerable`1.AsyncEnumerator.InitializeReaderAsync(AsyncEnumerator enumerator, CancellationToken cancellationToken)
   at Microsoft.EntityFrameworkCore.SqlServer.Storage.Internal.SqlServerExecutionStrategy.ExecuteAsync[TState,TResult](TState state, Func`4 operation, Func`4 verifySucceeded, CancellationToken cancellationToken)
   at Microsoft.EntityFrameworkCore.Query.Internal.SingleQueryingEnumerable`1.AsyncEnumerator.MoveNextAsync() System.ObjectDisposedException: Cannot access a disposed context instance. A common cause of this error is disposing a context instance that was resolved from dependency injection and then later trying to use the same context instance elsewhere in your application. This may occur if you are calling 'Dispose' on the context instance, or wrapping it in a using statement. If you are using dependency injection, you should let the dependency injection container take care of disposing context instances.
Object name: 'ApplicationDbContext'.
   at Microsoft.EntityFrameworkCore.DbContext.CheckDisposed()
   at Microsoft.EntityFrameworkCore.DbContext.get_DbContextDependencies()
   at Microsoft.EntityFrameworkCore.DbContext.Microsoft.EntityFrameworkCore.Internal.IDbContextDependencies.get_StateManager()
   at Microsoft.EntityFrameworkCore.Query.QueryContextDependencies.get_StateManager()
   at Microsoft.EntityFrameworkCore.Query.QueryContext.InitializeStateManager(Boolean standAlone)
   at Microsoft.EntityFrameworkCore.Query.Internal.SingleQueryingEnumerable`1.AsyncEnumerator.InitializeReaderAsync(AsyncEnumerator enumerator, CancellationToken cancellationToken)
   at Microsoft.EntityFrameworkCore.SqlServer.Storage.Internal.SqlServerExecutionStrategy.ExecuteAsync[TState,TResult](TState state, Func`4 operation, Func`4 verifySucceeded, CancellationToken cancellationToken)
   at Microsoft.EntityFrameworkCore.Query.Internal.SingleQueryingEnumerable`1.AsyncEnumerator.MoveNextAsync()
2025-04-08 17:08:33.2845 INFO Application started. Press Ctrl+C to shut down. 
2025-04-08 17:08:33.3342 INFO Hosting environment: Development 
2025-04-08 17:08:33.3364 INFO Content root path: C:\Users\aaithamou\source\repos\AuthenticationService\AuthenticationAPI 
2025-04-08 17:09:00.8021 INFO Executed DbCommand (43ms) [Parameters=[@__username_0='?' (Size = 4000)], CommandType='Text', CommandTimeout='30']
SELECT TOP(1) [u].[Id], [u].[Email], [u].[PasswordHash], [u].[Username]
FROM [Users] AS [u]
WHERE [u].[Username] = @__username_0 
2025-04-08 17:09:01.0787 INFO Executed DbCommand (7ms) [Parameters=[@__username_0='?' (Size = 4000)], CommandType='Text', CommandTimeout='30']
SELECT TOP(1) [u].[Id], [u].[Email], [u].[PasswordHash], [u].[Username]
FROM [Users] AS [u]
WHERE [u].[Username] = @__username_0 
2025-04-08 17:57:06.3898 INFO Application started. Press Ctrl+C to shut down. 
2025-04-08 17:57:06.4712 INFO Hosting environment: Development 
2025-04-08 17:57:06.4712 INFO Content root path: C:\Users\aaithamou\source\repos\AuthenticationService\AuthenticationAPI 
2025-04-08 17:57:31.8133 INFO Executed DbCommand (94ms) [Parameters=[@__username_0='?' (Size = 4000)], CommandType='Text', CommandTimeout='30']
SELECT TOP(1) [u].[Id], [u].[Email], [u].[PasswordHash], [u].[Username]
FROM [Users] AS [u]
WHERE [u].[Username] = @__username_0 
2025-04-08 17:58:22.3450 INFO Application started. Press Ctrl+C to shut down. 
2025-04-08 17:58:22.4473 INFO Hosting environment: Development 
2025-04-08 17:58:22.4473 INFO Content root path: C:\Users\aaithamou\source\repos\AuthenticationService\AuthenticationAPI 
2025-04-08 17:58:48.9292 INFO Executed DbCommand (107ms) [Parameters=[@__username_0='?' (Size = 4000)], CommandType='Text', CommandTimeout='30']
SELECT TOP(1) [u].[Id], [u].[Email], [u].[PasswordHash], [u].[Username]
FROM [Users] AS [u]
WHERE [u].[Username] = @__username_0 
2025-04-08 17:58:49.5231 INFO Executed DbCommand (4ms) [Parameters=[@__username_0='?' (Size = 4000)], CommandType='Text', CommandTimeout='30']
SELECT TOP(1) [u].[Id], [u].[Email], [u].[PasswordHash], [u].[Username]
FROM [Users] AS [u]
WHERE [u].[Username] = @__username_0 
2025-04-08 17:59:28.5949 INFO Executed DbCommand (10ms) [Parameters=[@__username_0='?' (Size = 4000)], CommandType='Text', CommandTimeout='30']
SELECT TOP(1) [u].[Id], [u].[Email], [u].[PasswordHash], [u].[Username]
FROM [Users] AS [u]
WHERE [u].[Username] = @__username_0 
2025-04-08 17:59:28.5949 INFO Registering to the application... 
2025-04-08 17:59:34.9888 INFO Executed DbCommand (17ms) [Parameters=[@p0='?' (Size = 4000), @p1='?' (Size = 4000), @p2='?' (Size = 4000)], CommandType='Text', CommandTimeout='30']
SET IMPLICIT_TRANSACTIONS OFF;
SET NOCOUNT ON;
INSERT INTO [Users] ([Email], [PasswordHash], [Username])
OUTPUT INSERTED.[Id]
VALUES (@p0, @p1, @p2); 
