2025-04-04 08:58:30.1040 INFO Executed DbCommand (38ms) [Parameters=[], CommandType='Text', CommandTimeout='30']
SELECT 1 
2025-04-04 08:58:30.1996 INFO Acquiring an exclusive lock for migration application. See https://aka.ms/efcore-docs-migrations-lock for more information if this takes too long. 
2025-04-04 08:58:30.2684 INFO Executed DbCommand (61ms) [Parameters=[], CommandType='Text', CommandTimeout='30']
DECLARE @result int;
EXEC @result = sp_getapplock @Resource = '__EFMigrationsLock', @LockOwner = 'Session', @LockMode = 'Exclusive';
SELECT @result 
2025-04-04 08:58:30.4102 INFO Executed DbCommand (7ms) [Parameters=[], CommandType='Text', CommandTimeout='30']
IF OBJECT_ID(N'[__EFMigrationsHistory]') IS NULL
BEGIN
    CREATE TABLE [__EFMigrationsHistory] (
        [MigrationId] nvarchar(150) NOT NULL,
        [ProductVersion] nvarchar(32) NOT NULL,
        CONSTRAINT [PK___EFMigrationsHistory] PRIMARY KEY ([MigrationId])
    );
END; 
2025-04-04 08:58:30.4235 INFO Executed DbCommand (0ms) [Parameters=[], CommandType='Text', CommandTimeout='30']
SELECT 1 
2025-04-04 08:58:30.4235 INFO Executed DbCommand (1ms) [Parameters=[], CommandType='Text', CommandTimeout='30']
SELECT OBJECT_ID(N'[__EFMigrationsHistory]'); 
2025-04-04 08:58:30.4390 INFO Executed DbCommand (11ms) [Parameters=[], CommandType='Text', CommandTimeout='30']
SELECT [MigrationId], [ProductVersion]
FROM [__EFMigrationsHistory]
ORDER BY [MigrationId]; 
2025-04-04 08:58:30.4569 INFO Applying migration '20250404085759_CreateLogs'. 
2025-04-04 08:58:30.4898 INFO Executed DbCommand (17ms) [Parameters=[], CommandType='Text', CommandTimeout='30']
CREATE TABLE [LogEntries] (
    [Id] int NOT NULL IDENTITY,
    [Date] datetime2 NOT NULL,
    [Level] nvarchar(max) NULL,
    [Message] nvarchar(max) NULL,
    [Logger] nvarchar(max) NULL,
    [Exception] nvarchar(max) NULL,
    CONSTRAINT [PK_LogEntries] PRIMARY KEY ([Id])
); 
2025-04-04 08:58:30.4898 INFO Executed DbCommand (4ms) [Parameters=[], CommandType='Text', CommandTimeout='30']
INSERT INTO [__EFMigrationsHistory] ([MigrationId], [ProductVersion])
VALUES (N'20250404085759_CreateLogs', N'9.0.3'); 
2025-04-04 08:58:30.5016 INFO Executed DbCommand (5ms) [Parameters=[], CommandType='Text', CommandTimeout='30']
DECLARE @result int;
EXEC @result = sp_releaseapplock @Resource = '__EFMigrationsLock', @LockOwner = 'Session';
SELECT @result 
2025-04-04 08:59:55.5168 INFO Application started. Press Ctrl+C to shut down. 
2025-04-04 08:59:55.6501 INFO Hosting environment: Development 
2025-04-04 08:59:55.6540 INFO Content root path: C:\Users\aaithamou\source\repos\AuthenticationService\AuthenticationAPI 
2025-04-04 09:00:19.0089 ERROR An unhandled exception has occurred while executing the request. System.InvalidOperationException: Unable to resolve service for type 'Microsoft.Extensions.Logging.ILogger' while attempting to activate 'WebAPI.Controllers.AuthController'.
   at Microsoft.Extensions.DependencyInjection.ActivatorUtilities.ThrowHelperUnableToResolveService(Type type, Type requiredBy)
   at lambda_method9(Closure, IServiceProvider, Object[])
   at Microsoft.AspNetCore.Mvc.Controllers.ControllerFactoryProvider.<>c__DisplayClass6_0.<CreateControllerFactory>g__CreateController|0(ControllerContext controllerContext)
   at Microsoft.AspNetCore.Mvc.Infrastructure.ControllerActionInvoker.Next(State& next, Scope& scope, Object& state, Boolean& isCompleted)
   at Microsoft.AspNetCore.Mvc.Infrastructure.ControllerActionInvoker.InvokeInnerFilterAsync()
--- End of stack trace from previous location ---
   at Microsoft.AspNetCore.Mvc.Infrastructure.ResourceInvoker.<InvokeFilterPipelineAsync>g__Awaited|20_0(ResourceInvoker invoker, Task lastTask, State next, Scope scope, Object state, Boolean isCompleted)
   at Microsoft.AspNetCore.Mvc.Infrastructure.ResourceInvoker.<InvokeAsync>g__Awaited|17_0(ResourceInvoker invoker, Task task, IDisposable scope)
   at Microsoft.AspNetCore.Mvc.Infrastructure.ResourceInvoker.<InvokeAsync>g__Awaited|17_0(ResourceInvoker invoker, Task task, IDisposable scope)
   at Microsoft.AspNetCore.Authorization.AuthorizationMiddleware.Invoke(HttpContext context)
   at Swashbuckle.AspNetCore.SwaggerUI.SwaggerUIMiddleware.Invoke(HttpContext httpContext)
   at Swashbuckle.AspNetCore.Swagger.SwaggerMiddleware.Invoke(HttpContext httpContext, ISwaggerProvider swaggerProvider)
   at Microsoft.AspNetCore.Authentication.AuthenticationMiddleware.Invoke(HttpContext context)
   at Microsoft.AspNetCore.Diagnostics.DeveloperExceptionPageMiddlewareImpl.Invoke(HttpContext context)
